[16/04/24 00:07:28.615] INFO [weixin:crawl_weixin_articles:345]- weixin articles  for authorized author id : 42
[16/04/24 00:07:28.617] INFO [weixin:get_link_list_url:127]- get weixin list for mumolife 
[16/04/24 00:07:31.553] INFO [weixin:get_user_weixin_list:150]- link list url for mumolife is http://mp.weixin.qq.com/profile?src=3&timestamp=1461427649&ver=1&signature=WbnG6QN1X7AIqx2eta-wV4JtytBX-9J-F4Xv*XSbimMjKideP0Eo7okNUUOLh1VKOrHIFsdcm1lS-m2QoOFgKw==
[16/04/24 00:10:40.460] INFO [weixin:fetch_article_image:253]- fetch_image for article 5586: http://mmbiz.qpic.cn/mmbiz/6oLCjeVnXtiaHqZl0mjJZYCxgIScAOKcIY6ksg2mAZwNg6wttWLB4BoukoE3FC5DqYbQyLqdFDUOFGAWHmMiaTRw/0?wx_fmt=gif
[16/04/24 00:10:40.577] INFO [weixin:fetch_article_image:253]- fetch_image for article 5586: http://mmbiz.qpic.cn/mmbiz/6oLCjeVnXtiaHqZl0mjJZYCxgIScAOKcIlibSP6MRF3BUPBURxoP7ToygWjrTPiaxSdEMTPyAQZbxOzHDObibmpEtg/0?wx_fmt=gif
[16/04/24 00:10:40.653] INFO [weixin:fetch_article_image:253]- fetch_image for article 5586: http://mmbiz.qpic.cn/mmbiz/6oLCjeVnXtiaHqZl0mjJZYCxgIScAOKcIU3mNBSooyiaMeLyIJFyPVqRu6KHc8FYB1nThz8exTvdbDxVauWicQsrA/0?wx_fmt=gif
[16/04/24 00:10:40.720] INFO [weixin:fetch_article_image:253]- fetch_image for article 5586: http://mmbiz.qpic.cn/mmbiz/6oLCjeVnXtiaHqZl0mjJZYCxgIScAOKcIodF1duJyK3YTyF7hibiaX0h2ic0TF1EWcblmO8LzEribGutRJ1waNS4ffg/0?wx_fmt=gif
[16/04/24 00:10:40.785] INFO [weixin:fetch_article_image:253]- fetch_image for article 5586: http://mmbiz.qpic.cn/mmbiz/6oLCjeVnXtiaHqZl0mjJZYCxgIScAOKcIzyUfcGicNpfrPPBL8HEEbzBiagF9BZLRueDfJxcJ6t1BG3gIQ3LeibSRg/0?wx_fmt=gif
[16/04/24 00:10:40.850] INFO [weixin:fetch_article_image:253]- fetch_image for article 5586: http://mmbiz.qpic.cn/mmbiz/6oLCjeVnXtiaHqZl0mjJZYCxgIScAOKcIYs0h5FWMPazdFrjwSTK8gwbmReBEjlBic3w0Qx7CcpgXhQ7BbyKuFkg/0?wx_fmt=gif
[16/04/24 00:10:40.918] INFO [weixin:fetch_article_image:253]- fetch_image for article 5586: http://mmbiz.qpic.cn/mmbiz/6oLCjeVnXtiaHqZl0mjJZYCxgIScAOKcIn9A3XBIT6yQ6OqgSycM7ujyVibQX6L58k6SSaib4k8tT9jLAutATLIug/0?wx_fmt=gif
[16/04/24 00:10:40.980] INFO [weixin:fetch_article_image:253]- fetch_image for article 5586: http://mmbiz.qpic.cn/mmbiz/6oLCjeVnXtiaHqZl0mjJZYCxgIScAOKcI0UUh2Xv2X1txxkVjo16acE2Mo8vNVooZjdh7hH8WU6loFbzTR2G7icg/0?wx_fmt=gif
[16/04/24 00:10:41.46] INFO [weixin:fetch_article_image:253]- fetch_image for article 5586: http://mmbiz.qpic.cn/mmbiz/6oLCjeVnXtiaHqZl0mjJZYCxgIScAOKcI3TLywb8f7qMicux01JmdRfyiaGvLzSFibiakECWrYmYTxiabicYTqdqBQmiaw/0?wx_fmt=gif
[16/04/24 00:10:41.131] INFO [weixin:fetch_article_image:253]- fetch_image for article 5586: http://mmbiz.qpic.cn/mmbiz/6oLCjeVnXtjGLRWwVypG8rkAWrEZicR1wL34fVniaG2WKdP5eMajSrHjc7lJOh91votphgiczURyF9gBUTElN6Nnw/0?wx_fmt=jpeg
[16/04/24 00:10:41.250] INFO [weixin:fetch_article_image:264]- article 5586 finished.
[16/04/24 00:10:43.731] INFO [weixin:fetch_article_image:253]- fetch_image for article 5587: http://mmbiz.qpic.cn/mmbiz/6oLCjeVnXtiaHqZl0mjJZYCxgIScAOKcI5PFBtXwXSGqhZCgZDjA71cI9YLlZiaobmPphUiaqrXG0Wvt6zkYBg2ow/0?wx_fmt=jpeg
[16/04/24 00:10:43.937] INFO [weixin:fetch_article_image:253]- fetch_image for article 5587: http://mmbiz.qpic.cn/mmbiz/6oLCjeVnXtiaHqZl0mjJZYCxgIScAOKcIibjRMOe0JrujGa0YQDJH9db0wtfXyD2OfRs26w8ialg1t27aAxSTL1Kg/0?wx_fmt=jpeg
[16/04/24 00:10:44.72] INFO [weixin:fetch_article_image:253]- fetch_image for article 5587: http://mmbiz.qpic.cn/mmbiz/6oLCjeVnXtiaHqZl0mjJZYCxgIScAOKcI93ckcKCxTFbdajjCtalGNR7XQW8aQNjrOXCaLctJuU1ibfpkSlEJvng/0?wx_fmt=jpeg
[16/04/24 00:10:44.287] INFO [weixin:fetch_article_image:253]- fetch_image for article 5587: http://mmbiz.qpic.cn/mmbiz/6oLCjeVnXtiaHqZl0mjJZYCxgIScAOKcI5V5QUDjtd3y5TsdRoEhpplicfqqYoDvYzR42LqseicQWCncX5tFaVliag/0?wx_fmt=jpeg
[16/04/24 00:10:44.459] INFO [weixin:fetch_article_image:253]- fetch_image for article 5587: http://mmbiz.qpic.cn/mmbiz/6oLCjeVnXtiaHqZl0mjJZYCxgIScAOKcIsnCOOPsx4Rq63Jl3Gu6MJ47mguMiaNpdRICaCkYygZjVQ3whS7o0ibYA/0?wx_fmt=jpeg
[16/04/24 00:10:44.684] INFO [weixin:fetch_article_image:253]- fetch_image for article 5587: http://mmbiz.qpic.cn/mmbiz/6oLCjeVnXtiaHqZl0mjJZYCxgIScAOKcIR84Ae9OEbAVwcI5tb5bNG0jm0IPHgmMnRbuvQA7jxH4BMlVFDMXVEg/0?wx_fmt=jpeg
[16/04/24 00:10:44.941] INFO [weixin:fetch_article_image:253]- fetch_image for article 5587: http://mmbiz.qpic.cn/mmbiz/6oLCjeVnXtiaHqZl0mjJZYCxgIScAOKcIoKm8NCibsHr1rSOTnYkziazszucQpl0jvEqNZfhZ6lhvMUCs2RhHpyrg/0?wx_fmt=jpeg
[16/04/24 00:10:45.108] INFO [weixin:fetch_article_image:253]- fetch_image for article 5587: http://mmbiz.qpic.cn/mmbiz/6oLCjeVnXtiaHqZl0mjJZYCxgIScAOKcIic8dPNjvqCqEYBwREVKqHI1S9lfwceq1SzogwUpaicwALraO2HCf87iaw/0?wx_fmt=jpeg
[16/04/24 00:10:45.351] INFO [weixin:fetch_article_image:253]- fetch_image for article 5587: http://mmbiz.qpic.cn/mmbiz/6oLCjeVnXtiaHqZl0mjJZYCxgIScAOKcI16JmtJQ4XuIBXibH1Kt19EPCkfHnEu6dItyDqnwuO1AR760HFLOTOpw/0?wx_fmt=jpeg
[16/04/24 00:10:45.534] INFO [weixin:fetch_article_image:253]- fetch_image for article 5587: http://mmbiz.qpic.cn/mmbiz/6oLCjeVnXtiaHqZl0mjJZYCxgIScAOKcIHp3g5AvpggkDjOAfIzFSNALZJtTXv1dT9phxQ4D1ia62xlZo6LrqW5Q/0?wx_fmt=jpeg
[16/04/24 00:10:45.750] INFO [weixin:fetch_article_image:253]- fetch_image for article 5587: http://mmbiz.qpic.cn/mmbiz/6oLCjeVnXtiaHqZl0mjJZYCxgIScAOKcIqh31qruW7KTdxYTkROGYsj5XqhibsKeobmyT9k3ZwAe2seYqLq5hWRg/0?wx_fmt=jpeg
[16/04/24 00:10:45.955] INFO [weixin:fetch_article_image:253]- fetch_image for article 5587: http://mmbiz.qpic.cn/mmbiz/6oLCjeVnXtiaHqZl0mjJZYCxgIScAOKcIOkw4IEBg5AIHN7T5NLeahiazhucxBNkvUou7p32zltPoUeYYFCU9NrQ/0?wx_fmt=jpeg
[16/04/24 00:10:46.156] INFO [weixin:fetch_article_image:253]- fetch_image for article 5587: http://mmbiz.qpic.cn/mmbiz/6oLCjeVnXtiaHqZl0mjJZYCxgIScAOKcIe34UDa8XbBXqw5PTnLgljM888r3WviaPQnpRYTA3hqWBTTpr08hBwuQ/0?wx_fmt=jpeg
[16/04/24 00:10:46.347] INFO [weixin:fetch_article_image:253]- fetch_image for article 5587: http://mmbiz.qpic.cn/mmbiz/6oLCjeVnXtiaHqZl0mjJZYCxgIScAOKcIdILvQaXmf4YOtmX2opztVDH5pOsxtviaz47qaPsPbJiasX6w59sRIQZg/0?wx_fmt=jpeg
[16/04/24 00:10:46.589] INFO [weixin:fetch_article_image:253]- fetch_image for article 5587: http://mmbiz.qpic.cn/mmbiz/6oLCjeVnXtiaHqZl0mjJZYCxgIScAOKcIkyL4PzibnkMZeLz7IcBhY558mWQaAE8SKIPHxC5UicHhq3lsRLXS3FMA/0?wx_fmt=jpeg
[16/04/24 00:10:46.810] INFO [weixin:fetch_article_image:253]- fetch_image for article 5587: http://mmbiz.qpic.cn/mmbiz/6oLCjeVnXtiaHqZl0mjJZYCxgIScAOKcIvlQicFxlGp149BrmOG1jtC3WnOl1sMIMKZSibwGV1PERb10ub8oWjNFw/0?wx_fmt=jpeg
[16/04/24 00:10:47.4] INFO [weixin:fetch_article_image:253]- fetch_image for article 5587: http://mmbiz.qpic.cn/mmbiz/6oLCjeVnXtiaHqZl0mjJZYCxgIScAOKcIox753RjWcAHRHW2SibXhibm1LE6sicO1Gcd5aOQbdVJfiblEKHdGqNibU5A/0?wx_fmt=jpeg
[16/04/24 00:10:47.202] INFO [weixin:fetch_article_image:253]- fetch_image for article 5587: http://mmbiz.qpic.cn/mmbiz/6oLCjeVnXtiaHqZl0mjJZYCxgIScAOKcIxzia7bIEB2ol7bY9hsZUO7qMicbBuONqXXFNMZ5KqnIyRAE4VOR5WMWw/0?wx_fmt=jpeg
[16/04/24 00:10:47.383] INFO [weixin:fetch_article_image:253]- fetch_image for article 5587: http://mmbiz.qpic.cn/mmbiz/6oLCjeVnXtiaHqZl0mjJZYCxgIScAOKcI6iaPa3jib4qFkCSjTL88BDoAbYrfNicfrCUT1dtAVjSr8DftnI2QibZoyg/0?wx_fmt=jpeg
[16/04/24 00:10:47.549] INFO [weixin:fetch_article_image:253]- fetch_image for article 5587: http://mmbiz.qpic.cn/mmbiz/6oLCjeVnXtiaHqZl0mjJZYCxgIScAOKcIFb649AzgVlZOicHticR7aY7jbl2yjPCiaRBuX6QalibtFFLiaUZofu4oLaw/0?wx_fmt=jpeg
[16/04/24 00:10:47.738] INFO [weixin:fetch_article_image:253]- fetch_image for article 5587: http://mmbiz.qpic.cn/mmbiz/6oLCjeVnXtiaHqZl0mjJZYCxgIScAOKcIzPLoJibKuJLLUYSjBH3wC3msIhV5eFeWW2qn6V9ZIX8gP1HybMGia1nw/0?wx_fmt=jpeg
[16/04/24 00:10:48.65] INFO [weixin:fetch_article_image:253]- fetch_image for article 5587: http://mmbiz.qpic.cn/mmbiz/6oLCjeVnXtjGLRWwVypG8rkAWrEZicR1wL34fVniaG2WKdP5eMajSrHjc7lJOh91votphgiczURyF9gBUTElN6Nnw/0?wx_fmt=jpeg
[16/04/24 00:10:48.200] INFO [weixin:fetch_article_image:264]- article 5587 finished.
[16/04/24 00:10:50.580] INFO [weixin:fetch_article_image:253]- fetch_image for article 5588: http://mmbiz.qpic.cn/mmbiz/6oLCjeVnXtiaaAzS3q68378QHpHNeDXrMicOfF5mVhRkFE6z0icmkhZ0yfew0JGw27PpuY4S2n3CMibHsBTvGBByAg/0?wx_fmt=jpeg
[16/04/24 00:10:50.979] INFO [weixin:fetch_article_image:253]- fetch_image for article 5588: http://mmbiz.qpic.cn/mmbiz/6oLCjeVnXtjiceBNwQ3ib6P2vegNZHtkutrcf0JUicX2UYLFPr4zEDHMicrDBxsrmufrlBtgqeTHohfp9DibqtAOrCQ/0?wx_fmt=jpeg
[16/04/24 00:10:51.225] INFO [weixin:fetch_article_image:253]- fetch_image for article 5588: http://mmbiz.qpic.cn/mmbiz/6oLCjeVnXtj4b05cXuz6qAvMNaS22ZmoBpRic49dOPN5RuV7hz8A8slxgtbuSVb48dubvbibjNTJQaDbgsYBDtWA/0?wx_fmt=jpeg
[16/04/24 00:10:51.410] INFO [weixin:fetch_article_image:253]- fetch_image for article 5588: http://mmbiz.qpic.cn/mmbiz/6oLCjeVnXtiaOYibCpJIJmAvM4qTibqGPpke5lMMUOjucHicK3xmMvDW02T65x7f718ibEVW2kbo4JDN7aibjlNRmjIQ/0?wx_fmt=jpeg
[16/04/24 00:10:51.757] INFO [weixin:fetch_article_image:253]- fetch_image for article 5588: http://mmbiz.qpic.cn/mmbiz/6oLCjeVnXtiaaAzS3q68378QHpHNeDXrMbYMVmpLaS3xD0AUKNFFvybswXALdYZqN2tgY8u9AVgtt9OqdsHrv9g/0?wx_fmt=jpeg
[16/04/24 00:10:51.883] INFO [weixin:fetch_article_image:253]- fetch_image for article 5588: http://mmbiz.qpic.cn/mmbiz/6oLCjeVnXtjqxEPCkicY2sgRDIrQQX5Ze2CMiahz1iasmTOwJHI0cuxpZpYL7mCPT5qst8mjoMY9oENTka8suGHuw/0?wx_fmt=jpeg
[16/04/24 00:10:52.393] INFO [weixin:fetch_article_image:264]- article 5588 finished.
[16/04/24 00:10:55.6] INFO [weixin:fetch_article_image:253]- fetch_image for article 5589: http://mmbiz.qpic.cn/mmbiz/6oLCjeVnXtjGLRWwVypG8rkAWrEZicR1w4dkYpOliczNreUFJ3I7vibTEZwyqFrmp2lJ9nXibXXnO2jfCMticDoaOQg/0?wx_fmt=jpeg
[16/04/24 00:10:55.261] INFO [weixin:fetch_article_image:253]- fetch_image for article 5589: http://mmbiz.qpic.cn/mmbiz/6oLCjeVnXtiaaAzS3q68378QHpHNeDXrMAIAl5M5NcsYtwHaiaUYxCNtfzbrJ5MP4YODECNIbAONCgrrOv7qSTpg/0?wx_fmt=gif
[16/04/24 00:10:55.539] INFO [weixin:fetch_article_image:253]- fetch_image for article 5589: http://mmbiz.qpic.cn/mmbiz/6oLCjeVnXtiaaAzS3q68378QHpHNeDXrMr6uLicA2HBZPybfv7ALxI0dgmJEwKrxz3wS9cTaMz6WzickeZvczvcyA/0?wx_fmt=gif
[16/04/24 00:10:55.715] INFO [weixin:fetch_article_image:253]- fetch_image for article 5589: http://mmbiz.qpic.cn/mmbiz/6oLCjeVnXtiaaAzS3q68378QHpHNeDXrMHVGzyXnyQp6e8szMFkibVzyibc0efyY6sib6HCbn4qLHHxjmz8ibKLxXuA/0?wx_fmt=gif
[16/04/24 00:10:55.909] INFO [weixin:fetch_article_image:253]- fetch_image for article 5589: http://mmbiz.qpic.cn/mmbiz/6oLCjeVnXtiaaAzS3q68378QHpHNeDXrM4AD5I9AlASElwM4pxWhQyJtNgvJpXVYesJDvr7OvyxQx6QR1xlQs5w/0?wx_fmt=gif
[16/04/24 00:10:56.177] INFO [weixin:fetch_article_image:253]- fetch_image for article 5589: http://mmbiz.qpic.cn/mmbiz/6oLCjeVnXtjGLRWwVypG8rkAWrEZicR1wL34fVniaG2WKdP5eMajSrHjc7lJOh91votphgiczURyF9gBUTElN6Nnw/0?wx_fmt=jpeg
[16/04/24 00:10:56.351] INFO [weixin:fetch_article_image:264]- article 5589 finished.
[16/04/24 00:10:58.855] INFO [weixin:fetch_article_image:253]- fetch_image for article 5590: http://mmbiz.qpic.cn/mmbiz/6oLCjeVnXtgmlnqF5AfYh44KDQ6rGevVgZ6eGjRFC4BmqmwJSand3bt9CFBxKTqxyTRVA2w4vRD7HoLTGJZjsg/0?wx_fmt=jpeg
[16/04/24 00:10:58.972] INFO [weixin:fetch_article_image:253]- fetch_image for article 5590: http://mmbiz.qpic.cn/mmbiz/6oLCjeVnXtjGLRWwVypG8rkAWrEZicR1wkicf3MIrjyicfGN3Q2OibZoyCq8j8a8FdlibQRaOtV4yt0PPU5HDkY3HNQ/0?wx_fmt=png
[16/04/24 00:10:59.143] INFO [weixin:fetch_article_image:253]- fetch_image for article 5590: http://mmbiz.qpic.cn/mmbiz/6oLCjeVnXtgmlnqF5AfYh44KDQ6rGevVPxbw1W9qqmXaGBw5zKmJqEZHKOQvMOWtgG4uKu8YxRkyu051HHhbGQ/0?wx_fmt=jpeg
[16/04/24 00:10:59.329] INFO [weixin:fetch_article_image:253]- fetch_image for article 5590: http://mmbiz.qpic.cn/mmbiz/6oLCjeVnXtjGLRWwVypG8rkAWrEZicR1wkicf3MIrjyicfGN3Q2OibZoyCq8j8a8FdlibQRaOtV4yt0PPU5HDkY3HNQ/0?wx_fmt=png
[16/04/24 00:10:59.425] INFO [weixin:fetch_article_image:253]- fetch_image for article 5590: http://mmbiz.qpic.cn/mmbiz/6oLCjeVnXtgmlnqF5AfYh44KDQ6rGevVqHbacIJPoHicJzrFib1EuBGta8tRSkKSF0jgYV2O34ly0JvcdHvEh8uA/0?wx_fmt=jpeg
[16/04/24 00:10:59.725] INFO [weixin:fetch_article_image:253]- fetch_image for article 5590: http://mmbiz.qpic.cn/mmbiz/6oLCjeVnXtjGLRWwVypG8rkAWrEZicR1wkicf3MIrjyicfGN3Q2OibZoyCq8j8a8FdlibQRaOtV4yt0PPU5HDkY3HNQ/0?wx_fmt=png
[16/04/24 00:10:59.821] INFO [weixin:fetch_article_image:253]- fetch_image for article 5590: http://mmbiz.qpic.cn/mmbiz/6oLCjeVnXtgmlnqF5AfYh44KDQ6rGevVbAO5HVXepZuVnm2GbOngqOvwjcOwCIr7dvbq81Q6DJia4MKFB34RiaicQ/0?wx_fmt=jpeg
[16/04/24 00:10:59.991] INFO [weixin:fetch_article_image:253]- fetch_image for article 5590: http://mmbiz.qpic.cn/mmbiz/6oLCjeVnXtgmlnqF5AfYh44KDQ6rGevVGCyIJqS42ydrO0e0NLsuVZPMAbzVrMyVvoTwXicHFDY9Dc1AGRiamicRA/0?wx_fmt=jpeg
[16/04/24 00:11:00.269] INFO [weixin:fetch_article_image:253]- fetch_image for article 5590: http://mmbiz.qpic.cn/mmbiz/6oLCjeVnXtjGLRWwVypG8rkAWrEZicR1wkicf3MIrjyicfGN3Q2OibZoyCq8j8a8FdlibQRaOtV4yt0PPU5HDkY3HNQ/0?wx_fmt=png
[16/04/24 00:11:00.390] INFO [weixin:fetch_article_image:253]- fetch_image for article 5590: http://mmbiz.qpic.cn/mmbiz/6oLCjeVnXtgmlnqF5AfYh44KDQ6rGevVIa24A1sRHUEXNbXPOjZWdhgwIlsqQeXa16KzLQiaUTywjgm7KbS9ncw/0?wx_fmt=jpeg
[16/04/24 00:11:00.593] INFO [weixin:fetch_article_image:253]- fetch_image for article 5590: http://mmbiz.qpic.cn/mmbiz/6oLCjeVnXtjGLRWwVypG8rkAWrEZicR1wkicf3MIrjyicfGN3Q2OibZoyCq8j8a8FdlibQRaOtV4yt0PPU5HDkY3HNQ/0?wx_fmt=png
[16/04/24 00:11:00.705] INFO [weixin:fetch_article_image:253]- fetch_image for article 5590: http://mmbiz.qpic.cn/mmbiz/6oLCjeVnXtgmlnqF5AfYh44KDQ6rGevVW5LWeK68hRlGDsBmjwSt7ERRVMuQRhSj4WA74Dd11Via9vSvL3Gf2tA/0?wx_fmt=jpeg
[16/04/24 00:11:00.955] INFO [weixin:fetch_article_image:253]- fetch_image for article 5590: http://mmbiz.qpic.cn/mmbiz/6oLCjeVnXtgmlnqF5AfYh44KDQ6rGevVZC2nFxjefNH3IiaBD8lBB2F6oYGaiaNbdficaicDGHOM7m7N2I5Jtdb48Q/0?wx_fmt=jpeg
[16/04/24 00:11:01.151] INFO [weixin:fetch_article_image:253]- fetch_image for article 5590: http://mmbiz.qpic.cn/mmbiz/6oLCjeVnXtjGLRWwVypG8rkAWrEZicR1wkicf3MIrjyicfGN3Q2OibZoyCq8j8a8FdlibQRaOtV4yt0PPU5HDkY3HNQ/0?wx_fmt=png
[16/04/24 00:11:01.250] INFO [weixin:fetch_article_image:253]- fetch_image for article 5590: http://mmbiz.qpic.cn/mmbiz/6oLCjeVnXtgmlnqF5AfYh44KDQ6rGevVxm0UAwOcSJROGsibsD0bkhwKy8SB62F0MSdAeg0H2aSC54dRGfoH8Qw/0?wx_fmt=jpeg
[16/04/24 00:11:01.481] INFO [weixin:fetch_article_image:253]- fetch_image for article 5590: http://mmbiz.qpic.cn/mmbiz/6oLCjeVnXtgmlnqF5AfYh44KDQ6rGevV2IRx0dibgWNXdXSSQcIl1IqxZSfSgJfvnZXYZ0zumiciaHTeSspn2fiajA/0?wx_fmt=jpeg
[16/04/24 00:11:01.722] INFO [weixin:fetch_article_image:253]- fetch_image for article 5590: http://mmbiz.qpic.cn/mmbiz/6oLCjeVnXtjGLRWwVypG8rkAWrEZicR1wkicf3MIrjyicfGN3Q2OibZoyCq8j8a8FdlibQRaOtV4yt0PPU5HDkY3HNQ/0?wx_fmt=png
[16/04/24 00:11:01.843] INFO [weixin:fetch_article_image:253]- fetch_image for article 5590: http://mmbiz.qpic.cn/mmbiz/6oLCjeVnXtgmlnqF5AfYh44KDQ6rGevVbppkH8KlQ4ChZrECdqRWwV5Mt8MP8n7VPOFYGN40EZaTXu9JxQHG8Q/0?wx_fmt=jpeg
[16/04/24 00:11:02.57] INFO [weixin:fetch_article_image:253]- fetch_image for article 5590: http://mmbiz.qpic.cn/mmbiz/6oLCjeVnXtgmlnqF5AfYh44KDQ6rGevV4RzkVIusmB1FWjo0knWmYI7134WNaP6O340mqNS01Etwib5lWGsTJEA/0?wx_fmt=jpeg
[16/04/24 00:11:02.286] INFO [weixin:fetch_article_image:253]- fetch_image for article 5590: http://mmbiz.qpic.cn/mmbiz/6oLCjeVnXtjGLRWwVypG8rkAWrEZicR1wkicf3MIrjyicfGN3Q2OibZoyCq8j8a8FdlibQRaOtV4yt0PPU5HDkY3HNQ/0?wx_fmt=png
[16/04/24 00:11:02.388] INFO [weixin:fetch_article_image:253]- fetch_image for article 5590: http://mmbiz.qpic.cn/mmbiz/6oLCjeVnXtgmlnqF5AfYh44KDQ6rGevV8BC7LjHqu9zIDhe1iaBbV8bKdx1c4c1RaeW5Cv142yHBBWE38KHVFicA/0?wx_fmt=jpeg
[16/04/24 00:11:02.547] INFO [weixin:fetch_article_image:253]- fetch_image for article 5590: http://mmbiz.qpic.cn/mmbiz/6oLCjeVnXtjGLRWwVypG8rkAWrEZicR1wLRfzdSickosVAdoyJJqX45z63FuKr0tVFmTKqBwYsibibRTQMS7NRLuwg/0?wx_fmt=png
[16/04/24 00:11:02.669] INFO [weixin:fetch_article_image:253]- fetch_image for article 5590: http://mmbiz.qpic.cn/mmbiz/6oLCjeVnXtjGLRWwVypG8rkAWrEZicR1w2DtFCI1Pa1dXEHlVEWIyvxibYzJNaoiaiaJgJapWo9hWroveGJBHjZtYQ/0?wx_fmt=png
[16/04/24 00:11:02.813] INFO [weixin:fetch_article_image:253]- fetch_image for article 5590: http://mmbiz.qpic.cn/mmbiz/6oLCjeVnXtjGLRWwVypG8rkAWrEZicR1wcjZxBDlaNpkLIvI1pxjD0QuxBmG7Gnqibb0C9qzq1uWKrlaoF3g2hug/0?wx_fmt=jpeg
[16/04/24 00:11:03.53] INFO [weixin:fetch_article_image:253]- fetch_image for article 5590: http://mmbiz.qpic.cn/mmbiz/6oLCjeVnXtjGLRWwVypG8rkAWrEZicR1wAv6l7hDCia5CY6pOdks9avhWicUjD1gQ72VVibdwXo2Pscd6HdYe0fn6Q/0?wx_fmt=jpeg
[16/04/24 00:11:03.312] INFO [weixin:fetch_article_image:253]- fetch_image for article 5590: http://mmbiz.qpic.cn/mmbiz/6oLCjeVnXtjGLRWwVypG8rkAWrEZicR1wOc7B7tqnrgn6gCSeLwC15LYuKOWUicpxu5f0OLWINRGOhWRiaZpDh14A/0?wx_fmt=jpeg
[16/04/24 00:11:03.499] INFO [weixin:fetch_article_image:253]- fetch_image for article 5590: http://mmbiz.qpic.cn/mmbiz/6oLCjeVnXtjGLRWwVypG8rkAWrEZicR1w80zNnnoLuIxzibaISSgRMd4Wqs1ABRaf8yDXFSMQGICpSSibL4A7eZow/0?wx_fmt=jpeg
[16/04/24 00:11:03.705] INFO [weixin:fetch_article_image:253]- fetch_image for article 5590: http://mmbiz.qpic.cn/mmbiz/6oLCjeVnXtjGLRWwVypG8rkAWrEZicR1w79eS8G0UuBiamLic8oZYRIMdXcwvdXJmzXddpc32qZSQk6v1pXpqpgyA/0?wx_fmt=jpeg
[16/04/24 00:11:03.844] INFO [weixin:fetch_article_image:253]- fetch_image for article 5590: http://mmbiz.qpic.cn/mmbiz/6oLCjeVnXtiaaAzS3q68378QHpHNeDXrM4AD5I9AlASElwM4pxWhQyJtNgvJpXVYesJDvr7OvyxQx6QR1xlQs5w/0?wx_fmt=gif
[16/04/24 00:11:03.975] INFO [weixin:fetch_article_image:253]- fetch_image for article 5590: http://mmbiz.qpic.cn/mmbiz/6oLCjeVnXtjGLRWwVypG8rkAWrEZicR1wL34fVniaG2WKdP5eMajSrHjc7lJOh91votphgiczURyF9gBUTElN6Nnw/0?wx_fmt=jpeg
[16/04/24 00:11:04.127] INFO [weixin:fetch_article_image:264]- article 5590 finished.
[16/04/24 00:11:06.592] INFO [weixin:fetch_article_image:253]- fetch_image for article 5591: http://mmbiz.qpic.cn/mmbiz/6oLCjeVnXtjGLRWwVypG8rkAWrEZicR1wTqsr4Qz0vdOghuuCG4cr6McJnTpjjnzcEfsLTLovGPGLROEiccDKETQ/0?wx_fmt=jpeg
[16/04/24 00:11:06.819] INFO [weixin:fetch_article_image:253]- fetch_image for article 5591: http://mmbiz.qpic.cn/mmbiz/6oLCjeVnXtjGLRWwVypG8rkAWrEZicR1whBibrHCibYY2qHPV9ZBLLltnO875F1Oy0pzqjHEsaNRL8IdAmbFAcMnA/0?wx_fmt=png
[16/04/24 00:11:06.917] INFO [weixin:fetch_article_image:253]- fetch_image for article 5591: http://mmbiz.qpic.cn/mmbiz/6oLCjeVnXtjGLRWwVypG8rkAWrEZicR1wtgN7DC26SUoC2S6N5zFA0jxRuFW7Gibp3UicohAdCVNRK58qdQrpU7ww/0?wx_fmt=png
[16/04/24 00:11:07.16] INFO [weixin:fetch_article_image:253]- fetch_image for article 5591: http://mmbiz.qpic.cn/mmbiz/6oLCjeVnXtiaaAzS3q68378QHpHNeDXrMDRJ166WC0TSZGvz6V8dpQ2hQ1tHlZaZ7fqZdpNPYJ81NFMpaFE66gw/0?wx_fmt=gif
[16/04/24 00:11:07.249] INFO [weixin:fetch_article_image:253]- fetch_image for article 5591: http://mmbiz.qpic.cn/mmbiz/6oLCjeVnXtjGLRWwVypG8rkAWrEZicR1wL34fVniaG2WKdP5eMajSrHjc7lJOh91votphgiczURyF9gBUTElN6Nnw/0?wx_fmt=jpeg
[16/04/24 00:11:07.376] INFO [weixin:fetch_article_image:264]- article 5591 finished.
[16/04/24 00:11:10.123] INFO [weixin:fetch_article_image:253]- fetch_image for article 5592: http://mmbiz.qpic.cn/mmbiz/6oLCjeVnXtjBx7tsOw4LMgtSb8cNwvUS8MaQSvPUWKBQIQFP1H1JliaicpTMicbS0R2JTCbicAQWwFAj2gqt1lmwIQ/0
[16/04/24 00:11:10.393] INFO [weixin:fetch_article_image:253]- fetch_image for article 5592: http://mmbiz.qpic.cn/mmbiz/6oLCjeVnXtjBx7tsOw4LMgtSb8cNwvUSTNS8uQEibPUibuGM8MHpgpicwQvZ2Ol2FicHx81FOgdjWqY0uRheBJz1MQ/0
[16/04/24 00:11:10.721] INFO [weixin:fetch_article_image:253]- fetch_image for article 5592: http://mmbiz.qpic.cn/mmbiz/6oLCjeVnXtjBx7tsOw4LMgtSb8cNwvUSBBwns1plaAVYkHTZZbQEr4ibnc64tYwN2icXSUPgQSNGp9T1bicaibt5iag/0
[16/04/24 00:11:11.50] INFO [weixin:fetch_article_image:253]- fetch_image for article 5592: http://mmbiz.qpic.cn/mmbiz/6oLCjeVnXth7SHKBAspbaRQ3qszZeKaicxebkj0lQibmnhLBNucxgjrYqs2df8D5ib67DWibbGmHK9Aqa8D3Jwmicibw/0?wx_fmt=jpeg
[16/04/24 00:11:11.303] INFO [weixin:fetch_article_image:253]- fetch_image for article 5592: http://mmbiz.qpic.cn/mmbiz/6oLCjeVnXtiaN3OkibQaqzID7eOIXaoPCtk6TVjl7CVU2RtA1rXFMibkBPvlO93ibT1ibHCfRopht3qdr9Y9ma76RPQ/0?wx_fmt=jpeg
[16/04/24 00:11:11.593] INFO [weixin:fetch_article_image:253]- fetch_image for article 5592: http://mmbiz.qpic.cn/mmbiz/6oLCjeVnXtiaN3OkibQaqzID7eOIXaoPCtFAoNeb3ficxPDJBrFniaUnb6ba07EhI7jEUFIlfJc3TJfjOhESVbh4Sw/0?wx_fmt=jpeg
[16/04/24 00:11:11.914] INFO [weixin:fetch_article_image:253]- fetch_image for article 5592: http://mmbiz.qpic.cn/mmbiz/6oLCjeVnXtiaN3OkibQaqzID7eOIXaoPCtBs0Yfz7cEkzxz4SUKiaCzQBc0lyJtbPk7l3enwUia7jRC7s4MMJ8AsLQ/0?wx_fmt=jpeg
[16/04/24 00:11:12.250] INFO [weixin:fetch_article_image:253]- fetch_image for article 5592: http://mmbiz.qpic.cn/mmbiz/6oLCjeVnXtiarqPfYMVl0K4PQcTb6HiaibOjlMXDQ6JT3uYzicyJCySsPrB9J5gVn4zXDsSN0Tq14NHX7icUERkKJlg/0?wx_fmt=jpeg
[16/04/24 00:11:12.431] INFO [weixin:fetch_article_image:253]- fetch_image for article 5592: http://mmbiz.qpic.cn/mmbiz/6oLCjeVnXtiarqPfYMVl0K4PQcTb6HiaibOicolVnvjic2NnCSn8zjaXkCnnJoia3EMYEnWL7vayeWUFJWWPeKGnzllQ/0?wx_fmt=jpeg
[16/04/24 00:11:12.643] INFO [weixin:fetch_article_image:253]- fetch_image for article 5592: http://mmbiz.qpic.cn/mmbiz/6oLCjeVnXtiarqPfYMVl0K4PQcTb6HiaibOLIHOKFoON31UQnTFBZcDk770dicY9Cl6DCsmiaJQcNpeGkr8J1s2cOSw/0?wx_fmt=jpeg
[16/04/24 00:11:12.858] INFO [weixin:fetch_article_image:253]- fetch_image for article 5592: http://mmbiz.qpic.cn/mmbiz/6oLCjeVnXtgnmLh8QAYib8LuDOO9NNmgyaNqCpWMBY4NlQ3ajRJsuGib0iawoA0d2IOCLupUI2mmibYMTiaWaeiaSs3g/640?wx_fmt=png
[16/04/24 00:11:12.984] INFO [weixin:fetch_article_image:253]- fetch_image for article 5592: http://mmbiz.qpic.cn/mmbiz/6oLCjeVnXtjqxEPCkicY2sgRDIrQQX5Ze2CMiahz1iasmTOwJHI0cuxpZpYL7mCPT5qst8mjoMY9oENTka8suGHuw/0?wx_fmt=jpeg
[16/04/24 00:11:13.342] INFO [weixin:fetch_article_image:264]- article 5592 finished.
[16/04/24 00:11:15.819] INFO [weixin:fetch_article_image:253]- fetch_image for article 5593: http://mmbiz.qpic.cn/mmbiz/6oLCjeVnXtiarPsx1GicOzr5GeZquibHg653Psctbjm2P68GSP1qYiag7Px93Y0PiciaCnBofgVEF7ibia9pjr6icXVdBuw/0?wx_fmt=jpeg
[16/04/24 00:11:16.90] INFO [weixin:fetch_article_image:253]- fetch_image for article 5593: http://mmbiz.qpic.cn/mmbiz/6oLCjeVnXtiarPsx1GicOzr5GeZquibHg65FMzlBh5gKIXbyvxicRqpmJ0Wemf3hBZMzKsY1BjfUWy1v2Xq46M2qfg/0?wx_fmt=jpeg
[16/04/24 00:11:16.341] INFO [weixin:fetch_article_image:253]- fetch_image for article 5593: http://mmbiz.qpic.cn/mmbiz/6oLCjeVnXtiarPsx1GicOzr5GeZquibHg65CmwuhdqzUIiccZGGu08KR9Rx2SxHIqC8cTVayTxdrcMthkDMd0jMXDA/0?wx_fmt=jpeg
[16/04/24 00:11:16.563] INFO [weixin:fetch_article_image:253]- fetch_image for article 5593: http://mmbiz.qpic.cn/mmbiz/6oLCjeVnXtiarPsx1GicOzr5GeZquibHg65AQpAdPmOWc6nDptdd7ywXTOghEczQmRPA16eL9Xu8nEic9Ch5iaCrhIw/0?wx_fmt=jpeg
[16/04/24 00:11:16.801] INFO [weixin:fetch_article_image:253]- fetch_image for article 5593: http://mmbiz.qpic.cn/mmbiz/6oLCjeVnXtiarPsx1GicOzr5GeZquibHg65T1icNc2w2dKWbsA6kfKzmhP7NTiaFLb8gvHHGfHO2PmdjwqrxdbwzruQ/0?wx_fmt=jpeg
[16/04/24 00:11:16.956] INFO [weixin:fetch_article_image:253]- fetch_image for article 5593: http://mmbiz.qpic.cn/mmbiz/6oLCjeVnXtiarPsx1GicOzr5GeZquibHg65SQYr09yWrdXv3z35xjmcGumPAbeozKMlxYh72boZeQqVbMn6UsaPrw/0?wx_fmt=jpeg
[16/04/24 00:11:17.189] INFO [weixin:fetch_article_image:253]- fetch_image for article 5593: http://mmbiz.qpic.cn/mmbiz/6oLCjeVnXtiarPsx1GicOzr5GeZquibHg65wbwIq66tib0qMdFsSbs1SH1zWba7jymcBJf0WGha4n4kYzUuk26XYMg/0?wx_fmt=png
[16/04/24 00:11:17.291] INFO [weixin:fetch_article_image:253]- fetch_image for article 5593: http://mmbiz.qpic.cn/mmbiz/6oLCjeVnXtjqxEPCkicY2sgRDIrQQX5Ze2CMiahz1iasmTOwJHI0cuxpZpYL7mCPT5qst8mjoMY9oENTka8suGHuw/0?wx_fmt=jpeg
[16/04/24 00:11:17.608] INFO [weixin:fetch_article_image:264]- article 5593 finished.
[16/04/24 00:11:20.150] INFO [weixin:fetch_article_image:253]- fetch_image for article 5594: http://mmbiz.qpic.cn/mmbiz/6oLCjeVnXtiaMTyWQuiaJA0Tv62GLjJGlCelwZnWmE1kZ5aJkokpM7D57oDhwZJ5Zibdc9t0OqT5NibD3xmUJHDn5A/0?wx_fmt=jpeg
[16/04/24 00:11:20.567] INFO [weixin:fetch_article_image:253]- fetch_image for article 5594: http://mmbiz.qpic.cn/mmbiz/6oLCjeVnXtiaMTyWQuiaJA0Tv62GLjJGlCfbz5DToWGUvwVzicBr8eKjf0r96jyPrnod2w5Lqy99PXfrAwXkfrujQ/0?wx_fmt=jpeg
[16/04/24 00:11:20.820] INFO [weixin:fetch_article_image:253]- fetch_image for article 5594: http://mmbiz.qpic.cn/mmbiz/6oLCjeVnXtiaMTyWQuiaJA0Tv62GLjJGlCQ1U37ribdqoNnpYaroZwVrHoMOFPgP6KYiarnFdkxltPDqKOlTnkf2zg/0?wx_fmt=jpeg
[16/04/24 00:11:21.126] INFO [weixin:fetch_article_image:253]- fetch_image for article 5594: http://mmbiz.qpic.cn/mmbiz/6oLCjeVnXtiaMTyWQuiaJA0Tv62GLjJGlCeVvux6OSeicF7G9Vv21MYTAiafqvmsHV279IIMdgJy40ePj4icLD6x6gg/0?wx_fmt=jpeg
[16/04/24 00:11:21.336] INFO [weixin:fetch_article_image:253]- fetch_image for article 5594: http://mmbiz.qpic.cn/mmbiz/6oLCjeVnXtiaMTyWQuiaJA0Tv62GLjJGlC82SuCZbdKicevtH6Jriat0pgkowrHS2xpvFvPgJxWcAEYiaxqPIAuicpKg/0?wx_fmt=jpeg
[16/04/24 00:11:21.534] INFO [weixin:fetch_article_image:253]- fetch_image for article 5594: http://mmbiz.qpic.cn/mmbiz/6oLCjeVnXtiaMTyWQuiaJA0Tv62GLjJGlCQgOjGUX7698IQt2I9CICnTKj4zlDWE3ic5J5Riadh6uHXiciccYX4JIPYw/0?wx_fmt=jpeg
[16/04/24 00:11:21.752] INFO [weixin:fetch_article_image:253]- fetch_image for article 5594: http://mmbiz.qpic.cn/mmbiz/6oLCjeVnXthPHFiahknGK0XXDwEzLTkIj80nNOjjNSuuUkMCMSiaxtA42oXrA2tv1UKcUia25wIVBCpZLp1npxXKg/0?wx_fmt=jpeg
[16/04/24 00:11:21.968] INFO [weixin:fetch_article_image:253]- fetch_image for article 5594: http://mmbiz.qpic.cn/mmbiz/6oLCjeVnXthPHFiahknGK0XXDwEzLTkIjpZJ9icxsyje1WLMDqpDHy1SVUlOBsdebXfIfYXgichN9bepknhuCibS5g/0?wx_fmt=jpeg
[16/04/24 00:11:22.158] INFO [weixin:fetch_article_image:253]- fetch_image for article 5594: http://mmbiz.qpic.cn/mmbiz/6oLCjeVnXtjqxEPCkicY2sgRDIrQQX5Ze2CMiahz1iasmTOwJHI0cuxpZpYL7mCPT5qst8mjoMY9oENTka8suGHuw/0?wx_fmt=jpeg
[16/04/24 00:11:22.495] INFO [weixin:fetch_article_image:264]- article 5594 finished.
[16/04/24 00:11:24.901] INFO [weixin:fetch_article_image:253]- fetch_image for article 5595: http://mmbiz.qpic.cn/mmbiz/6oLCjeVnXtjiceBNwQ3ib6P2vegNZHtkutLxGNqsgib1rQJDRNIQYWCt5ibBiaIHabPLEp4FTIj47oDxf6oS2rKmoeA/0?wx_fmt=jpeg
[16/04/24 00:11:25.177] INFO [weixin:fetch_article_image:253]- fetch_image for article 5595: http://mmbiz.qpic.cn/mmbiz/6oLCjeVnXtjiceBNwQ3ib6P2vegNZHtkutqCS0IHL3kicy3JyRf1N7vW8PNcGZa5sbyibPT263w9EFb0S04eelFPvQ/0?wx_fmt=jpeg
[16/04/24 00:11:25.428] INFO [weixin:fetch_article_image:253]- fetch_image for article 5595: http://mmbiz.qpic.cn/mmbiz/6oLCjeVnXtjiceBNwQ3ib6P2vegNZHtkut3vib3833ZU5kwYfbzgON4zmLlu7mGUlCkUhVzIVndaND5Kia3kicucRjA/0?wx_fmt=jpeg
[16/04/24 00:11:25.706] INFO [weixin:fetch_article_image:253]- fetch_image for article 5595: http://mmbiz.qpic.cn/mmbiz/6oLCjeVnXtjiceBNwQ3ib6P2vegNZHtkutb0A3nHiaT46AviaSvDHscpZgmuY03e6MBBtoUhLPXBRicCWTRQByAI5Dg/0?wx_fmt=jpeg
[16/04/24 00:11:26.25] INFO [weixin:fetch_article_image:253]- fetch_image for article 5595: http://mmbiz.qpic.cn/mmbiz/6oLCjeVnXtjiceBNwQ3ib6P2vegNZHtkutLdqrAwlulU59DLoB4QbOGvbXczstgMfH70WeYDZITsKzQWYh1Z8Xicg/0?wx_fmt=jpeg
[16/04/24 00:11:26.341] INFO [weixin:fetch_article_image:253]- fetch_image for article 5595: http://mmbiz.qpic.cn/mmbiz/6oLCjeVnXtjiceBNwQ3ib6P2vegNZHtkutpw2VXuiaEWGTJ4qLYkYjsfj92kQSW9xnVT6serJeicqOuNxacTMGe3Iw/0?wx_fmt=jpeg
[16/04/24 00:11:26.649] INFO [weixin:fetch_article_image:253]- fetch_image for article 5595: http://mmbiz.qpic.cn/mmbiz/6oLCjeVnXtjiceBNwQ3ib6P2vegNZHtkutrcf0JUicX2UYLFPr4zEDHMicrDBxsrmufrlBtgqeTHohfp9DibqtAOrCQ/0?wx_fmt=jpeg
[16/04/24 00:11:26.808] INFO [weixin:fetch_article_image:253]- fetch_image for article 5595: http://mmbiz.qpic.cn/mmbiz/6oLCjeVnXtjiceBNwQ3ib6P2vegNZHtkuteAnvBjCmZ6kkghqSVMK3PPlibWtx0UEJ7pY4DDdjLCbLZuia9tZPClYw/0?wx_fmt=jpeg
[16/04/24 00:11:27.105] INFO [weixin:fetch_article_image:253]- fetch_image for article 5595: http://mmbiz.qpic.cn/mmbiz/6oLCjeVnXtjiceBNwQ3ib6P2vegNZHtkuthjoXOa4UpslFyZicMw2KQ6dLYXibHN95JdMYI7IkSvgKPPuf8VHTic5Xw/0?wx_fmt=jpeg
[16/04/24 00:11:27.501] INFO [weixin:fetch_article_image:253]- fetch_image for article 5595: http://mmbiz.qpic.cn/mmbiz/6oLCjeVnXtjiceBNwQ3ib6P2vegNZHtkutqFYC7wvUHLEDLqkLUnLia3QibXyth0v1LGcKG6H2WL0w6EgIHXVekrIw/0?wx_fmt=jpeg
[16/04/24 00:11:27.798] INFO [weixin:fetch_article_image:253]- fetch_image for article 5595: http://mmbiz.qpic.cn/mmbiz/6oLCjeVnXtjiceBNwQ3ib6P2vegNZHtkutKGnTjC604DgAjyK8Rm3d0uNvBYzbKgz4hU1nHuJIP564D8WOTGf69g/0?wx_fmt=jpeg
[16/04/24 00:11:28.67] INFO [weixin:fetch_article_image:253]- fetch_image for article 5595: http://mmbiz.qpic.cn/mmbiz/6oLCjeVnXtjiceBNwQ3ib6P2vegNZHtkutE0LEWgo4LOIzPJh1IF9hArZggGhUCro8lXA1XiaicSDXG1Tibr1LJFAzQ/0?wx_fmt=jpeg
[16/04/24 00:11:28.385] INFO [weixin:fetch_article_image:253]- fetch_image for article 5595: http://mmbiz.qpic.cn/mmbiz/6oLCjeVnXtjiceBNwQ3ib6P2vegNZHtkuth7DRkWiara6T6lP8nTWicPcK06ZEVB6THSC9RoBQod9eYKUw8YYGTEgw/0?wx_fmt=jpeg
[16/04/24 00:11:28.623] INFO [weixin:fetch_article_image:253]- fetch_image for article 5595: http://mmbiz.qpic.cn/mmbiz/6oLCjeVnXtjiceBNwQ3ib6P2vegNZHtkut3U0g91wic0TaCBaW8PjpaNyrIYH9zLEMx2WZ6wwje4IAWbQDg4Ekbrw/0?wx_fmt=jpeg
[16/04/24 00:11:28.967] INFO [weixin:fetch_article_image:253]- fetch_image for article 5595: http://mmbiz.qpic.cn/mmbiz/6oLCjeVnXtjiceBNwQ3ib6P2vegNZHtkutDBH4eajrDeOu7HNFfGAr7wZqyAwM3GictsugcgBqsTj4Nx16LUKgia9A/0?wx_fmt=jpeg
[16/04/24 00:11:29.373] INFO [weixin:fetch_article_image:253]- fetch_image for article 5595: http://mmbiz.qpic.cn/mmbiz/6oLCjeVnXtjiceBNwQ3ib6P2vegNZHtkutoZpUoX5jFzkq49TjCvoYXvEZ3HkX1jvtr3rvUk9RRkvh5z4XmvsjuQ/0?wx_fmt=jpeg
[16/04/24 00:11:29.696] INFO [weixin:fetch_article_image:253]- fetch_image for article 5595: http://mmbiz.qpic.cn/mmbiz/6oLCjeVnXtjiceBNwQ3ib6P2vegNZHtkut9RmLDpCz1tLBoxgWNcFqBCoxoaA6IK38p7BmichXAyEbZaV57WHpXAQ/0?wx_fmt=jpeg
[16/04/24 00:11:29.891] INFO [weixin:fetch_article_image:253]- fetch_image for article 5595: http://mmbiz.qpic.cn/mmbiz/6oLCjeVnXtjiceBNwQ3ib6P2vegNZHtkutupEibXYsWdujKusQUNmYVOD1H2ySFpe8mORKpXNN7EaIbTqZbXzv4kw/0?wx_fmt=jpeg
[16/04/24 00:11:30.95] INFO [weixin:fetch_article_image:253]- fetch_image for article 5595: http://mmbiz.qpic.cn/mmbiz/6oLCjeVnXtjiceBNwQ3ib6P2vegNZHtkut03GYwibkwRibupnFv3cIIax6Js2c1K7ZmfShXpZuOgQJu8J5t2jJVnbA/0?wx_fmt=jpeg
[16/04/24 00:11:31.44] INFO [weixin:fetch_article_image:264]- article 5595 finished.
[16/04/24 00:11:33.483] INFO [weixin:fetch_article_image:253]- fetch_image for article 5596: http://mmbiz.qpic.cn/mmbiz/6oLCjeVnXtjRLbcxeEmncB63j4bT3A8W7ftY6uV1xSqbWCJHVKdIRBa7XRib19c00fBV0N0LY4ia5Whr0I4kgHFw/0?wx_fmt=jpeg
[16/04/24 00:11:33.649] INFO [weixin:fetch_article_image:253]- fetch_image for article 5596: http://mmbiz.qpic.cn/mmbiz/6oLCjeVnXtjRLbcxeEmncB63j4bT3A8WXA9jXFeI51LrfTvnVKSlQvzqDib3ert7nfclC7jIzKXwZvfeM0bI0tQ/0?wx_fmt=jpeg
[16/04/24 00:11:33.787] INFO [weixin:fetch_article_image:253]- fetch_image for article 5596: http://mmbiz.qpic.cn/mmbiz/6oLCjeVnXtjRLbcxeEmncB63j4bT3A8WiaiaXicQPbdXKYtVqH3MTkg4ByW3ia4ughsoERCjtM2ueOia7xoGpB6Ofng/0?wx_fmt=jpeg
[16/04/24 00:11:33.957] INFO [weixin:fetch_article_image:253]- fetch_image for article 5596: http://mmbiz.qpic.cn/mmbiz/6oLCjeVnXtjRLbcxeEmncB63j4bT3A8WjBz2Xwic25vKg9YgkEYaPW9ypfjWibicUMPkYXjl9tdUHac5vGhppr0fA/0?wx_fmt=jpeg
[16/04/24 00:11:34.75] INFO [weixin:fetch_article_image:253]- fetch_image for article 5596: http://mmbiz.qpic.cn/mmbiz/6oLCjeVnXtjRLbcxeEmncB63j4bT3A8WKjX1zV7P4aTUNHkCBaMEZtQzlCfU9ESibqOgTxricsPw0tKUhDEOcycw/0?wx_fmt=jpeg
[16/04/24 00:11:34.254] INFO [weixin:fetch_article_image:253]- fetch_image for article 5596: http://mmbiz.qpic.cn/mmbiz/6oLCjeVnXtjRLbcxeEmncB63j4bT3A8WWz0EHjIJ5y6ZibYUluyhqNICcjr7fd1ndsiarDujWKshDFhy1icdGwibxA/0?wx_fmt=jpeg
[16/04/24 00:11:34.624] INFO [weixin:fetch_article_image:253]- fetch_image for article 5596: http://mmbiz.qpic.cn/mmbiz/6oLCjeVnXtjRLbcxeEmncB63j4bT3A8WN35mibEHiauh8iaCubUCJqDjBu5GZdYvDdHyJNLDiaIh8hnjjVuoibDeiaOA/0?wx_fmt=jpeg
[16/04/24 00:11:34.849] INFO [weixin:fetch_article_image:253]- fetch_image for article 5596: http://mmbiz.qpic.cn/mmbiz/6oLCjeVnXtjRLbcxeEmncB63j4bT3A8WkEhhl4GGxWmzEfpQPjtmG5aADBWE5zWnXsT1APPibkyZcyYDjgY8Rlw/0?wx_fmt=jpeg
[16/04/24 00:11:35.53] INFO [weixin:fetch_article_image:253]- fetch_image for article 5596: http://mmbiz.qpic.cn/mmbiz/6oLCjeVnXtjRLbcxeEmncB63j4bT3A8WPSdIKFmEMa7RPiaPYD5ZwJHZ03ibFBykGyo6aM9MI306fbVN0yhicj0Ww/0?wx_fmt=jpeg
[16/04/24 00:11:35.264] INFO [weixin:fetch_article_image:253]- fetch_image for article 5596: http://mmbiz.qpic.cn/mmbiz/6oLCjeVnXtjRLbcxeEmncB63j4bT3A8Wwy10rBmUOBGrZ2R52WicSrJda3uBa1QtGqMmIysmrZyib1vpXdmIibniaw/0?wx_fmt=jpeg
[16/04/24 00:11:35.459] INFO [weixin:fetch_article_image:253]- fetch_image for article 5596: http://mmbiz.qpic.cn/mmbiz/6oLCjeVnXtjRLbcxeEmncB63j4bT3A8Wd4GJcyZ2otuyBs1S6Y9L04Uhlyib14aPq7icCicSCTCchEqR9oe7R5ElQ/0?wx_fmt=jpeg
[16/04/24 00:11:35.604] INFO [weixin:fetch_article_image:253]- fetch_image for article 5596: http://mmbiz.qpic.cn/mmbiz/6oLCjeVnXtg9J4gljXGduqkICPuB28d38p25DgH46HO2z6XtDyF1ibMs4VPMJHM4PAApnAwgibv7mUpWjkFwLOtg/0?wx_fmt=png
[16/04/24 00:11:35.694] INFO [weixin:fetch_article_image:253]- fetch_image for article 5596: http://mmbiz.qpic.cn/mmbiz/6oLCjeVnXtjqxEPCkicY2sgRDIrQQX5Ze2CMiahz1iasmTOwJHI0cuxpZpYL7mCPT5qst8mjoMY9oENTka8suGHuw/0?wx_fmt=jpeg
[16/04/24 00:11:36.36] INFO [weixin:fetch_article_image:264]- article 5596 finished.
[16/04/24 00:11:38.408] INFO [weixin:fetch_article_image:253]- fetch_image for article 5597: http://mmbiz.qpic.cn/mmbiz/6oLCjeVnXtjRLbcxeEmncB63j4bT3A8WP6Rl2MXALJrRRCNaU3SJ6UqicdOvXbL3gIwoovBic3Q7rpUWymsZ9R2Q/0?wx_fmt=jpeg
[16/04/24 00:11:38.625] INFO [weixin:fetch_article_image:253]- fetch_image for article 5597: http://mmbiz.qpic.cn/mmbiz/6oLCjeVnXtjRLbcxeEmncB63j4bT3A8Wiap1n3QKhmQBSUeuicCiaQ6C4PmQbxWR2LRPT6Pibich6nCbiaOw1sN8vtQg/0?wx_fmt=jpeg
[16/04/24 00:11:38.870] INFO [weixin:fetch_article_image:253]- fetch_image for article 5597: http://mmbiz.qpic.cn/mmbiz/6oLCjeVnXtjRLbcxeEmncB63j4bT3A8WVdLDiaNP0cP495QibLaws1TXic1cm99kHcjPmRHaJ2E1FYba6BZrVID0Q/0?wx_fmt=jpeg
[16/04/24 00:11:39.42] INFO [weixin:fetch_article_image:253]- fetch_image for article 5597: http://mmbiz.qpic.cn/mmbiz/6oLCjeVnXtjRLbcxeEmncB63j4bT3A8Wq5bUXdfDg0icshAt9u6VOdfVWsBBXYkwxYuuEC2Mg3pw3R5cZ9KrR3A/0?wx_fmt=jpeg
[16/04/24 00:11:39.361] INFO [weixin:fetch_article_image:253]- fetch_image for article 5597: http://mmbiz.qpic.cn/mmbiz/6oLCjeVnXtjRLbcxeEmncB63j4bT3A8Wryz2XZUdgjNWWnTLzJKqviatFSAsfwngvRzicuaZEIiaKINyfxCJFogIA/0?wx_fmt=jpeg
[16/04/24 00:11:39.571] INFO [weixin:fetch_article_image:253]- fetch_image for article 5597: http://mmbiz.qpic.cn/mmbiz/6oLCjeVnXtjRLbcxeEmncB63j4bT3A8WVmuZVviahc8pVIKico5n0OLzYibSicpD4DxBv12hn8viaHNT1IHm2AKw5kw/0?wx_fmt=jpeg
[16/04/24 00:11:39.675] INFO [weixin:fetch_article_image:253]- fetch_image for article 5597: http://mmbiz.qpic.cn/mmbiz/6oLCjeVnXtjRLbcxeEmncB63j4bT3A8WQGxcibx3lMH3qDcOvibphCVSmS5asO2VCSeFWuRxV0FAMSml2Pll2cRg/0?wx_fmt=jpeg
[16/04/24 00:11:39.875] INFO [weixin:fetch_article_image:253]- fetch_image for article 5597: http://mmbiz.qpic.cn/mmbiz/6oLCjeVnXtjRLbcxeEmncB63j4bT3A8Wa32nHH70ictic3vd3P00KHnfYaHjXlg0kqHBbgQbOIK0tDicU6cXAaaXA/0?wx_fmt=jpeg
[16/04/24 00:11:40.8] INFO [weixin:fetch_article_image:253]- fetch_image for article 5597: http://mmbiz.qpic.cn/mmbiz/6oLCjeVnXtjRLbcxeEmncB63j4bT3A8WiaUYgUQ7t3gnk7yFDgr3DW9unHHbee4fdaNp4LyMHZhhrRdx6vht9pg/0?wx_fmt=jpeg
[16/04/24 00:11:40.185] INFO [weixin:fetch_article_image:253]- fetch_image for article 5597: http://mmbiz.qpic.cn/mmbiz/6oLCjeVnXtjRLbcxeEmncB63j4bT3A8WQZYuo1hic3fbO7QloXnygV1PxTHPZbRN2PMxpstRfOnfuA09ZXd8KlA/0?wx_fmt=jpeg
[16/04/24 00:11:40.308] INFO [weixin:fetch_article_image:253]- fetch_image for article 5597: http://mmbiz.qpic.cn/mmbiz/6oLCjeVnXtjRLbcxeEmncB63j4bT3A8WyQTibzwY3vK95uce5TDkVTUUdYbd4h5s4RjlVhdCib9Wc72g7lsAuZicA/0?wx_fmt=jpeg
[16/04/24 00:11:40.461] INFO [weixin:fetch_article_image:253]- fetch_image for article 5597: http://mmbiz.qpic.cn/mmbiz/6oLCjeVnXtjRLbcxeEmncB63j4bT3A8WcHSmOibocxK41HnWLpUkxY83ZvMUuyW1iciblRdcNxL1iav5q35BjHgSag/0?wx_fmt=jpeg
[16/04/24 00:11:40.616] INFO [weixin:fetch_article_image:253]- fetch_image for article 5597: http://mmbiz.qpic.cn/mmbiz/6oLCjeVnXtjRLbcxeEmncB63j4bT3A8W1N2bmLC6uibM8JpqbOWA91fmfZjYXC8BBNxCC9J4amX5bt7SxPvlJyw/0?wx_fmt=jpeg
[16/04/24 00:11:40.850] INFO [weixin:fetch_article_image:253]- fetch_image for article 5597: http://mmbiz.qpic.cn/mmbiz/6oLCjeVnXtjRLbcxeEmncB63j4bT3A8WYx7Q8bqIkDGLlS7FIX3aGvYlpRMb6FM9sicxRK6NzhXVwHB5c09icoxQ/0?wx_fmt=png
[16/04/24 00:11:40.939] INFO [weixin:fetch_article_image:264]- article 5597 finished.
[16/04/24 00:11:43.440] INFO [weixin:fetch_article_image:253]- fetch_image for article 5598: http://mmbiz.qpic.cn/mmbiz/6oLCjeVnXtj4b05cXuz6qAvMNaS22ZmoIzjO3pMv742MCfRSPUYmYC4u4tDRia4q1dNT7TNt7fvcJuv7kAI9U0Q/0?wx_fmt=jpeg
[16/04/24 00:11:43.707] INFO [weixin:fetch_article_image:253]- fetch_image for article 5598: http://mmbiz.qpic.cn/mmbiz/6oLCjeVnXtj4b05cXuz6qAvMNaS22ZmoOLrnxhibxeQObNUT4LetCDozCmEbLDZVn0TVlPHlOencK2fvrpZSic1A/0?wx_fmt=jpeg
[16/04/24 00:11:44.49] INFO [weixin:fetch_article_image:253]- fetch_image for article 5598: http://mmbiz.qpic.cn/mmbiz/6oLCjeVnXtj4b05cXuz6qAvMNaS22ZmoN1XIxPX7u8Vr0htbRf2waHic2vrfpq8ANOFmfrZC4xkYt980cTGJjuA/0?wx_fmt=jpeg
[16/04/24 00:11:44.265] INFO [weixin:fetch_article_image:253]- fetch_image for article 5598: http://mmbiz.qpic.cn/mmbiz/6oLCjeVnXtj4b05cXuz6qAvMNaS22ZmoGLohMlX0hXJW8sErExS2Zib4WhFgLEhicCKicKkfiaItutb5v67cfNia7mA/0?wx_fmt=jpeg
[16/04/24 00:11:44.548] INFO [weixin:fetch_article_image:253]- fetch_image for article 5598: http://mmbiz.qpic.cn/mmbiz/6oLCjeVnXtj4b05cXuz6qAvMNaS22Zmovn4oTOb2Tcnpss1o9pWUzrSFGRDDTEQ0icvQzb8UfYiczPuXgWlUqElA/0?wx_fmt=jpeg
[16/04/24 00:11:44.891] INFO [weixin:fetch_article_image:253]- fetch_image for article 5598: http://mmbiz.qpic.cn/mmbiz/6oLCjeVnXtj4b05cXuz6qAvMNaS22ZmomXicpq5BOmXDVOsFwoOjmRSHuUwsGZcIafcSs3SUBMlpONSSib5dM0fQ/0?wx_fmt=jpeg
[16/04/24 00:11:45.96] INFO [weixin:fetch_article_image:253]- fetch_image for article 5598: http://mmbiz.qpic.cn/mmbiz/6oLCjeVnXtj4b05cXuz6qAvMNaS22ZmoZ1GXRcjfeKKucD7gwRYa64VmvL6XFfPS0kZU8GsAAvwLzCIX93RR0Q/0?wx_fmt=jpeg
[16/04/24 00:11:45.338] INFO [weixin:fetch_article_image:253]- fetch_image for article 5598: http://mmbiz.qpic.cn/mmbiz/6oLCjeVnXtj4b05cXuz6qAvMNaS22ZmoLFW1avWWRK5SSWOeBAs3hicE2Jb0ibcT7AujNTz6AZjhibibjJpAIrPL3A/0?wx_fmt=jpeg
[16/04/24 00:11:45.608] INFO [weixin:fetch_article_image:253]- fetch_image for article 5598: http://mmbiz.qpic.cn/mmbiz/6oLCjeVnXtj4b05cXuz6qAvMNaS22ZmoLz1XWsGHwzCCWqL44r2bsa390ruaSSfZN8MRjgviayiaxCGuqJHELSyw/0?wx_fmt=jpeg
[16/04/24 00:11:45.902] INFO [weixin:fetch_article_image:253]- fetch_image for article 5598: http://mmbiz.qpic.cn/mmbiz/6oLCjeVnXtj4b05cXuz6qAvMNaS22Zmo77yqy9mjqSYBq8icbibFj4FOxdS3xIiaQexo0tljX5n1gWfTk2OKlbUibw/0?wx_fmt=jpeg
[16/04/24 00:11:46.199] INFO [weixin:fetch_article_image:253]- fetch_image for article 5598: http://mmbiz.qpic.cn/mmbiz/6oLCjeVnXtj4b05cXuz6qAvMNaS22Zmo127fmtHicDpSFMVpAibpicNFk7CshqwEWQ23WT8RgABzGJy1gBZUB78mQ/0?wx_fmt=jpeg
[16/04/24 00:11:46.654] INFO [weixin:fetch_article_image:253]- fetch_image for article 5598: http://mmbiz.qpic.cn/mmbiz/6oLCjeVnXtj4b05cXuz6qAvMNaS22ZmoJamHLzacDDOlbo1chT0hWebErDEsyVqLiaxFMuBDZyIpIXUo2gGyvbQ/0?wx_fmt=jpeg
[16/04/24 00:11:46.984] INFO [weixin:fetch_article_image:253]- fetch_image for article 5598: http://mmbiz.qpic.cn/mmbiz/6oLCjeVnXtj4b05cXuz6qAvMNaS22ZmoCp3x96FiaVcmZeT8GjMzIAHVbof7FHqicTsKn1iaBK7k5dsBvA4KesIwg/0?wx_fmt=jpeg
[16/04/24 00:11:47.311] INFO [weixin:fetch_article_image:253]- fetch_image for article 5598: http://mmbiz.qpic.cn/mmbiz/6oLCjeVnXtj4b05cXuz6qAvMNaS22Zmod3yrQOV4oewxToGZkl1laYBg23sK8I9uyicvL6a6xiambLDJ4QJ7P16Q/0?wx_fmt=jpeg
[16/04/24 00:11:47.468] INFO [weixin:fetch_article_image:253]- fetch_image for article 5598: http://mmbiz.qpic.cn/mmbiz/6oLCjeVnXtj4b05cXuz6qAvMNaS22ZmoftoXA7STKvC12fLX37FswjmjTHsALeKM8Yq8TYx5U3pfPlzHcFIibMQ/0?wx_fmt=jpeg
[16/04/24 00:11:47.767] INFO [weixin:fetch_article_image:253]- fetch_image for article 5598: http://mmbiz.qpic.cn/mmbiz/6oLCjeVnXtj4b05cXuz6qAvMNaS22ZmoaEWtzPia3A1ybIpwJ3Srh2n4jFnWdWB97HCz992v1y5IJvyVibLwvyIA/0?wx_fmt=jpeg
[16/04/24 00:11:48.40] INFO [weixin:fetch_article_image:253]- fetch_image for article 5598: http://mmbiz.qpic.cn/mmbiz/6oLCjeVnXtj4b05cXuz6qAvMNaS22Zmo3CqhBTRLibNYVUqic8bd0vpa7wB1Zp4fl7DV5wQt0icTp4yMAibPrQnfBg/0?wx_fmt=jpeg
[16/04/24 00:11:48.274] INFO [weixin:fetch_article_image:253]- fetch_image for article 5598: http://mmbiz.qpic.cn/mmbiz/6oLCjeVnXtj4b05cXuz6qAvMNaS22ZmoIptyNianEfP8hd4o0Mh5Jic99ZHJ7PV0OVX3md11VDRwG5BWDZVcXVMw/0?wx_fmt=jpeg
[16/04/24 00:11:48.507] INFO [weixin:fetch_article_image:253]- fetch_image for article 5598: http://mmbiz.qpic.cn/mmbiz/6oLCjeVnXtj4b05cXuz6qAvMNaS22ZmoxeRHyiaHyEH1QCdKgicUm2iczaUW3VhGp3cpkM3ubA2TAnB25pNxSY00Q/0?wx_fmt=jpeg
[16/04/24 00:11:48.955] INFO [weixin:fetch_article_image:253]- fetch_image for article 5598: http://mmbiz.qpic.cn/mmbiz/6oLCjeVnXtj4b05cXuz6qAvMNaS22Zmo3p4oiacF4oQ2ofic7qARGictL4P4d21sX1BKiaqjib7y7NNzgCPdJuhtibmw/0?wx_fmt=jpeg
[16/04/24 00:11:49.328] INFO [weixin:fetch_article_image:253]- fetch_image for article 5598: http://mmbiz.qpic.cn/mmbiz/6oLCjeVnXtj4b05cXuz6qAvMNaS22ZmoBpRic49dOPN5RuV7hz8A8slxgtbuSVb48dubvbibjNTJQaDbgsYBDtWA/0?wx_fmt=jpeg
[16/04/24 00:11:49.453] INFO [weixin:fetch_article_image:253]- fetch_image for article 5598: http://mmbiz.qpic.cn/mmbiz/6oLCjeVnXtj4b05cXuz6qAvMNaS22ZmoeNj6FT9thqeo8VQcYntgbwzvqes9dJpThKZEEhTxII3WZp7NDnEdcg/0?wx_fmt=jpeg
[16/04/24 00:11:49.685] INFO [weixin:fetch_article_image:253]- fetch_image for article 5598: http://mmbiz.qpic.cn/mmbiz/6oLCjeVnXtj4b05cXuz6qAvMNaS22ZmoJPMciarTv7X8wjtkcrjibWoOjcEXhF7fbMoFP5U6jdgKgEkez2PEsZ8A/0?wx_fmt=jpeg
[16/04/24 00:11:49.930] INFO [weixin:fetch_article_image:253]- fetch_image for article 5598: http://mmbiz.qpic.cn/mmbiz/6oLCjeVnXtjqxEPCkicY2sgRDIrQQX5Ze2CMiahz1iasmTOwJHI0cuxpZpYL7mCPT5qst8mjoMY9oENTka8suGHuw/0?wx_fmt=jpeg
[16/04/24 00:11:50.302] INFO [weixin:fetch_article_image:264]- article 5598 finished.
[16/04/24 00:22:56.895] INFO [weixin:crawl_weixin_articles:345]- weixin articles  for authorized author id : 42
[16/04/24 00:22:56.899] INFO [weixin:get_link_list_url:127]- get weixin list for mumolife 
[16/04/24 00:23:00.665] INFO [weixin:get_user_weixin_list:150]- link list url for mumolife is http://mp.weixin.qq.com/profile?src=3&timestamp=1461428578&ver=1&signature=WbnG6QN1X7AIqx2eta-wV4JtytBX-9J-F4Xv*XSbimMjKideP0Eo7okNUUOLh1VKDvNwR0cGgxIdNrOLnPD63g==
[16/04/24 00:23:07.507] WARNING [weixin:fetch_article_cover:240]- get cover fail for article : 「MUMO&nbsp;CORNER」书房系列 
[16/04/24 00:23:07.558] INFO [weixin:fetch_article_image:253]- fetch_image for article 5600: http://mmbiz.qpic.cn/mmbiz/6oLCjeVnXtiaHqZl0mjJZYCxgIScAOKcIY6ksg2mAZwNg6wttWLB4BoukoE3FC5DqYbQyLqdFDUOFGAWHmMiaTRw/0?wx_fmt=gif
[16/04/24 00:23:07.695] WARNING [weixin:crawl_weixin_single_article_mission:228]- create Article fail 
[16/04/24 00:23:10.439] WARNING [weixin:fetch_article_cover:240]- get cover fail for article : 杭州展厅&nbsp;|&nbsp;MiF&nbsp;in&nbsp;新造SINCO 
[16/04/24 00:23:10.520] INFO [weixin:fetch_article_image:253]- fetch_image for article 5601: http://mmbiz.qpic.cn/mmbiz/6oLCjeVnXtiaHqZl0mjJZYCxgIScAOKcI5PFBtXwXSGqhZCgZDjA71cI9YLlZiaobmPphUiaqrXG0Wvt6zkYBg2ow/0?wx_fmt=jpeg
[16/04/24 00:23:10.668] WARNING [weixin:crawl_weixin_single_article_mission:228]- create Article fail 
[16/04/24 00:23:13.407] WARNING [weixin:fetch_article_cover:240]- get cover fail for article : 关于「一把勺子」的故事 
[16/04/24 00:23:13.511] INFO [weixin:fetch_article_image:253]- fetch_image for article 5602: http://mmbiz.qpic.cn/mmbiz/6oLCjeVnXtiaaAzS3q68378QHpHNeDXrMicOfF5mVhRkFE6z0icmkhZ0yfew0JGw27PpuY4S2n3CMibHsBTvGBByAg/0?wx_fmt=jpeg
[16/04/24 00:23:13.768] WARNING [weixin:crawl_weixin_single_article_mission:228]- create Article fail 
[16/04/24 00:23:16.828] WARNING [weixin:fetch_article_cover:240]- get cover fail for article : 「一把勺子」活动报名 
[16/04/24 00:23:17.287] INFO [weixin:fetch_article_image:253]- fetch_image for article 5603: http://mmbiz.qpic.cn/mmbiz/6oLCjeVnXtjGLRWwVypG8rkAWrEZicR1w4dkYpOliczNreUFJ3I7vibTEZwyqFrmp2lJ9nXibXXnO2jfCMticDoaOQg/0?wx_fmt=jpeg
[16/04/24 00:23:17.529] WARNING [weixin:crawl_weixin_single_article_mission:228]- create Article fail 
[16/04/24 00:23:20.555] WARNING [weixin:fetch_article_cover:240]- get cover fail for article : 齐手作木器&nbsp;|&nbsp;孟昭斌：用最少的工具做一把勺子 
[16/04/24 00:23:21.13] INFO [weixin:fetch_article_image:253]- fetch_image for article 5604: http://mmbiz.qpic.cn/mmbiz/6oLCjeVnXtgmlnqF5AfYh44KDQ6rGevVgZ6eGjRFC4BmqmwJSand3bt9CFBxKTqxyTRVA2w4vRD7HoLTGJZjsg/0?wx_fmt=jpeg
[16/04/24 00:23:21.106] WARNING [weixin:crawl_weixin_single_article_mission:228]- create Article fail 
[16/04/24 00:23:23.881] WARNING [weixin:fetch_article_cover:240]- get cover fail for article : 木墨推荐&nbsp;|&nbsp;挖勺工具清单 
[16/04/24 00:23:24.22] INFO [weixin:fetch_article_image:253]- fetch_image for article 5605: http://mmbiz.qpic.cn/mmbiz/6oLCjeVnXtjGLRWwVypG8rkAWrEZicR1wTqsr4Qz0vdOghuuCG4cr6McJnTpjjnzcEfsLTLovGPGLROEiccDKETQ/0?wx_fmt=jpeg
[16/04/24 00:23:24.206] WARNING [weixin:crawl_weixin_single_article_mission:228]- create Article fail 
[16/04/24 00:23:27.283] WARNING [weixin:fetch_article_cover:240]- get cover fail for article : 关于实木家具初次安装 
[16/04/24 00:23:27.596] INFO [weixin:fetch_article_image:253]- fetch_image for article 5606: http://mmbiz.qpic.cn/mmbiz/6oLCjeVnXtjBx7tsOw4LMgtSb8cNwvUS8MaQSvPUWKBQIQFP1H1JliaicpTMicbS0R2JTCbicAQWwFAj2gqt1lmwIQ/0
[16/04/24 00:23:27.764] WARNING [weixin:crawl_weixin_single_article_mission:228]- create Article fail 
[16/04/24 00:23:30.615] WARNING [weixin:fetch_article_cover:240]- get cover fail for article : 「MUMO-CORNER」悦己 
[16/04/24 00:23:30.713] INFO [weixin:fetch_article_image:253]- fetch_image for article 5607: http://mmbiz.qpic.cn/mmbiz/6oLCjeVnXtiarPsx1GicOzr5GeZquibHg653Psctbjm2P68GSP1qYiag7Px93Y0PiciaCnBofgVEF7ibia9pjr6icXVdBuw/0?wx_fmt=jpeg
[16/04/24 00:23:30.996] WARNING [weixin:crawl_weixin_single_article_mission:228]- create Article fail 
[16/04/24 00:23:33.902] WARNING [weixin:fetch_article_cover:240]- get cover fail for article : 春日招聘 
[16/04/24 00:23:34.112] INFO [weixin:fetch_article_image:253]- fetch_image for article 5608: http://mmbiz.qpic.cn/mmbiz/6oLCjeVnXtiaMTyWQuiaJA0Tv62GLjJGlCelwZnWmE1kZ5aJkokpM7D57oDhwZJ5Zibdc9t0OqT5NibD3xmUJHDn5A/0?wx_fmt=jpeg
[16/04/24 00:23:34.297] WARNING [weixin:crawl_weixin_single_article_mission:228]- create Article fail 
[16/04/24 00:23:37.140] WARNING [weixin:fetch_article_cover:240]- get cover fail for article : 东源木活字 
[16/04/24 00:23:37.386] INFO [weixin:fetch_article_image:253]- fetch_image for article 5609: http://mmbiz.qpic.cn/mmbiz/6oLCjeVnXtjiceBNwQ3ib6P2vegNZHtkutLxGNqsgib1rQJDRNIQYWCt5ibBiaIHabPLEp4FTIj47oDxf6oS2rKmoeA/0?wx_fmt=jpeg
[16/04/24 00:23:37.634] WARNING [weixin:crawl_weixin_single_article_mission:228]- create Article fail 
[16/04/24 00:25:03.728] INFO [weixin:crawl_weixin_articles:345]- weixin articles  for authorized author id : 42
[16/04/24 00:25:03.731] INFO [weixin:get_link_list_url:127]- get weixin list for mumolife 
[16/04/24 00:25:06.224] INFO [weixin:get_user_weixin_list:150]- link list url for mumolife is http://mp.weixin.qq.com/profile?src=3&timestamp=1461428703&ver=1&signature=WbnG6QN1X7AIqx2eta-wV4JtytBX-9J-F4Xv*XSbimMjKideP0Eo7okNUUOLh1VKhz*ZrOVmk0G*MaM4slL2wQ==
[16/04/24 07:04:57.198] INFO [weixin:fetch_article_image:253]- fetch_image for article 5611: http://mmbiz.qpic.cn/mmbiz/6oLCjeVnXtiaHqZl0mjJZYCxgIScAOKcIY6ksg2mAZwNg6wttWLB4BoukoE3FC5DqYbQyLqdFDUOFGAWHmMiaTRw/0?wx_fmt=gif
[16/04/24 07:05:34.138] INFO [weixin:fetch_article_image:253]- fetch_image for article 5611: http://mmbiz.qpic.cn/mmbiz/6oLCjeVnXtiaHqZl0mjJZYCxgIScAOKcIlibSP6MRF3BUPBURxoP7ToygWjrTPiaxSdEMTPyAQZbxOzHDObibmpEtg/0?wx_fmt=gif
[16/04/24 07:05:35.238] INFO [weixin:fetch_article_image:253]- fetch_image for article 5611: http://mmbiz.qpic.cn/mmbiz/6oLCjeVnXtiaHqZl0mjJZYCxgIScAOKcIU3mNBSooyiaMeLyIJFyPVqRu6KHc8FYB1nThz8exTvdbDxVauWicQsrA/0?wx_fmt=gif
[16/04/24 07:05:36.454] INFO [weixin:fetch_article_image:253]- fetch_image for article 5611: http://mmbiz.qpic.cn/mmbiz/6oLCjeVnXtiaHqZl0mjJZYCxgIScAOKcIodF1duJyK3YTyF7hibiaX0h2ic0TF1EWcblmO8LzEribGutRJ1waNS4ffg/0?wx_fmt=gif
[16/04/24 07:06:46.861] INFO [weixin:crawl_weixin_articles:345]- weixin articles  for authorized author id : 42
[16/04/24 07:06:46.862] INFO [weixin:get_link_list_url:127]- get weixin list for mumolife 
[16/04/24 07:06:49.800] INFO [weixin:get_user_weixin_list:150]- link list url for mumolife is http://mp.weixin.qq.com/profile?src=3&timestamp=1461452807&ver=1&signature=WbnG6QN1X7AIqx2eta-wV4JtytBX-9J-F4Xv*XSbimMjKideP0Eo7okNUUOLh1VKfJcExrfth7OMb4GWehkyDA==
[16/04/24 07:23:09.526] WARNING [weixin:fetch_article_cover:240]- get cover fail for article : 「MUMO&nbsp;CORNER」书房系列 
[16/04/24 07:23:09.546] INFO [weixin:fetch_article_image:253]- fetch_image for article 5612: http://mmbiz.qpic.cn/mmbiz/6oLCjeVnXtiaHqZl0mjJZYCxgIScAOKcIY6ksg2mAZwNg6wttWLB4BoukoE3FC5DqYbQyLqdFDUOFGAWHmMiaTRw/0?wx_fmt=gif
[16/04/24 07:24:32.609] INFO [weixin:crawl_weixin_articles:345]- weixin articles  for authorized author id : 42
[16/04/24 07:24:32.610] INFO [weixin:get_link_list_url:127]- get weixin list for mumolife 
[16/04/24 07:24:35.502] INFO [weixin:get_user_weixin_list:150]- link list url for mumolife is http://mp.weixin.qq.com/profile?src=3&timestamp=1461453873&ver=1&signature=WbnG6QN1X7AIqx2eta-wV4JtytBX-9J-F4Xv*XSbimMjKideP0Eo7okNUUOLh1VKeOHlssRYgx5zkt0H6Yefgw==
[16/04/24 07:24:44.987] INFO [weixin:fetch_article_image:253]- fetch_image for article 5613: http://mmbiz.qpic.cn/mmbiz/6oLCjeVnXtiaHqZl0mjJZYCxgIScAOKcIY6ksg2mAZwNg6wttWLB4BoukoE3FC5DqYbQyLqdFDUOFGAWHmMiaTRw/0?wx_fmt=gif
[16/04/24 07:24:45.968] INFO [weixin:fetch_article_image:253]- fetch_image for article 5613: http://mmbiz.qpic.cn/mmbiz/6oLCjeVnXtiaHqZl0mjJZYCxgIScAOKcIlibSP6MRF3BUPBURxoP7ToygWjrTPiaxSdEMTPyAQZbxOzHDObibmpEtg/0?wx_fmt=gif
[16/04/24 07:24:47.1] INFO [weixin:fetch_article_image:253]- fetch_image for article 5613: http://mmbiz.qpic.cn/mmbiz/6oLCjeVnXtiaHqZl0mjJZYCxgIScAOKcIU3mNBSooyiaMeLyIJFyPVqRu6KHc8FYB1nThz8exTvdbDxVauWicQsrA/0?wx_fmt=gif
[16/04/24 07:24:47.749] INFO [weixin:fetch_article_image:253]- fetch_image for article 5613: http://mmbiz.qpic.cn/mmbiz/6oLCjeVnXtiaHqZl0mjJZYCxgIScAOKcIodF1duJyK3YTyF7hibiaX0h2ic0TF1EWcblmO8LzEribGutRJ1waNS4ffg/0?wx_fmt=gif
[16/04/24 07:24:51.621] INFO [weixin:fetch_article_image:253]- fetch_image for article 5613: http://mmbiz.qpic.cn/mmbiz/6oLCjeVnXtiaHqZl0mjJZYCxgIScAOKcIzyUfcGicNpfrPPBL8HEEbzBiagF9BZLRueDfJxcJ6t1BG3gIQ3LeibSRg/0?wx_fmt=gif
[16/04/24 07:24:51.694] INFO [weixin:fetch_article_image:253]- fetch_image for article 5613: http://mmbiz.qpic.cn/mmbiz/6oLCjeVnXtiaHqZl0mjJZYCxgIScAOKcIYs0h5FWMPazdFrjwSTK8gwbmReBEjlBic3w0Qx7CcpgXhQ7BbyKuFkg/0?wx_fmt=gif
[16/04/24 07:24:51.771] INFO [weixin:fetch_article_image:253]- fetch_image for article 5613: http://mmbiz.qpic.cn/mmbiz/6oLCjeVnXtiaHqZl0mjJZYCxgIScAOKcIn9A3XBIT6yQ6OqgSycM7ujyVibQX6L58k6SSaib4k8tT9jLAutATLIug/0?wx_fmt=gif
[16/04/24 07:24:51.840] INFO [weixin:fetch_article_image:253]- fetch_image for article 5613: http://mmbiz.qpic.cn/mmbiz/6oLCjeVnXtiaHqZl0mjJZYCxgIScAOKcI0UUh2Xv2X1txxkVjo16acE2Mo8vNVooZjdh7hH8WU6loFbzTR2G7icg/0?wx_fmt=gif
[16/04/24 07:24:51.910] INFO [weixin:fetch_article_image:253]- fetch_image for article 5613: http://mmbiz.qpic.cn/mmbiz/6oLCjeVnXtiaHqZl0mjJZYCxgIScAOKcI3TLywb8f7qMicux01JmdRfyiaGvLzSFibiakECWrYmYTxiabicYTqdqBQmiaw/0?wx_fmt=gif
[16/04/24 07:24:51.993] INFO [weixin:fetch_article_image:253]- fetch_image for article 5613: http://mmbiz.qpic.cn/mmbiz/6oLCjeVnXtjGLRWwVypG8rkAWrEZicR1wL34fVniaG2WKdP5eMajSrHjc7lJOh91votphgiczURyF9gBUTElN6Nnw/0?wx_fmt=jpeg
[16/04/24 07:24:52.117] INFO [weixin:fetch_article_image:264]- article 5613 finished.
[16/04/24 07:24:54.494] INFO [weixin:fetch_article_image:253]- fetch_image for article 5614: http://mmbiz.qpic.cn/mmbiz/6oLCjeVnXtiaHqZl0mjJZYCxgIScAOKcI5PFBtXwXSGqhZCgZDjA71cI9YLlZiaobmPphUiaqrXG0Wvt6zkYBg2ow/0?wx_fmt=jpeg
[16/04/24 07:24:54.626] INFO [weixin:fetch_article_image:253]- fetch_image for article 5614: http://mmbiz.qpic.cn/mmbiz/6oLCjeVnXtiaHqZl0mjJZYCxgIScAOKcIibjRMOe0JrujGa0YQDJH9db0wtfXyD2OfRs26w8ialg1t27aAxSTL1Kg/0?wx_fmt=jpeg
[16/04/24 07:24:54.759] INFO [weixin:fetch_article_image:253]- fetch_image for article 5614: http://mmbiz.qpic.cn/mmbiz/6oLCjeVnXtiaHqZl0mjJZYCxgIScAOKcI93ckcKCxTFbdajjCtalGNR7XQW8aQNjrOXCaLctJuU1ibfpkSlEJvng/0?wx_fmt=jpeg
[16/04/24 07:24:54.858] INFO [weixin:fetch_article_image:253]- fetch_image for article 5614: http://mmbiz.qpic.cn/mmbiz/6oLCjeVnXtiaHqZl0mjJZYCxgIScAOKcI5V5QUDjtd3y5TsdRoEhpplicfqqYoDvYzR42LqseicQWCncX5tFaVliag/0?wx_fmt=jpeg
[16/04/24 07:24:54.966] INFO [weixin:fetch_article_image:253]- fetch_image for article 5614: http://mmbiz.qpic.cn/mmbiz/6oLCjeVnXtiaHqZl0mjJZYCxgIScAOKcIsnCOOPsx4Rq63Jl3Gu6MJ47mguMiaNpdRICaCkYygZjVQ3whS7o0ibYA/0?wx_fmt=jpeg
[16/04/24 07:24:55.95] INFO [weixin:fetch_article_image:253]- fetch_image for article 5614: http://mmbiz.qpic.cn/mmbiz/6oLCjeVnXtiaHqZl0mjJZYCxgIScAOKcIR84Ae9OEbAVwcI5tb5bNG0jm0IPHgmMnRbuvQA7jxH4BMlVFDMXVEg/0?wx_fmt=jpeg
[16/04/24 07:24:55.218] INFO [weixin:fetch_article_image:253]- fetch_image for article 5614: http://mmbiz.qpic.cn/mmbiz/6oLCjeVnXtiaHqZl0mjJZYCxgIScAOKcIoKm8NCibsHr1rSOTnYkziazszucQpl0jvEqNZfhZ6lhvMUCs2RhHpyrg/0?wx_fmt=jpeg
[16/04/24 07:24:55.318] INFO [weixin:fetch_article_image:253]- fetch_image for article 5614: http://mmbiz.qpic.cn/mmbiz/6oLCjeVnXtiaHqZl0mjJZYCxgIScAOKcIic8dPNjvqCqEYBwREVKqHI1S9lfwceq1SzogwUpaicwALraO2HCf87iaw/0?wx_fmt=jpeg
[16/04/24 07:24:55.438] INFO [weixin:fetch_article_image:253]- fetch_image for article 5614: http://mmbiz.qpic.cn/mmbiz/6oLCjeVnXtiaHqZl0mjJZYCxgIScAOKcI16JmtJQ4XuIBXibH1Kt19EPCkfHnEu6dItyDqnwuO1AR760HFLOTOpw/0?wx_fmt=jpeg
[16/04/24 07:24:55.545] INFO [weixin:fetch_article_image:253]- fetch_image for article 5614: http://mmbiz.qpic.cn/mmbiz/6oLCjeVnXtiaHqZl0mjJZYCxgIScAOKcIHp3g5AvpggkDjOAfIzFSNALZJtTXv1dT9phxQ4D1ia62xlZo6LrqW5Q/0?wx_fmt=jpeg
[16/04/24 07:24:55.661] INFO [weixin:fetch_article_image:253]- fetch_image for article 5614: http://mmbiz.qpic.cn/mmbiz/6oLCjeVnXtiaHqZl0mjJZYCxgIScAOKcIqh31qruW7KTdxYTkROGYsj5XqhibsKeobmyT9k3ZwAe2seYqLq5hWRg/0?wx_fmt=jpeg
[16/04/24 07:24:55.796] INFO [weixin:fetch_article_image:253]- fetch_image for article 5614: http://mmbiz.qpic.cn/mmbiz/6oLCjeVnXtiaHqZl0mjJZYCxgIScAOKcIOkw4IEBg5AIHN7T5NLeahiazhucxBNkvUou7p32zltPoUeYYFCU9NrQ/0?wx_fmt=jpeg
[16/04/24 07:24:55.905] INFO [weixin:fetch_article_image:253]- fetch_image for article 5614: http://mmbiz.qpic.cn/mmbiz/6oLCjeVnXtiaHqZl0mjJZYCxgIScAOKcIe34UDa8XbBXqw5PTnLgljM888r3WviaPQnpRYTA3hqWBTTpr08hBwuQ/0?wx_fmt=jpeg
[16/04/24 07:24:56.18] INFO [weixin:fetch_article_image:253]- fetch_image for article 5614: http://mmbiz.qpic.cn/mmbiz/6oLCjeVnXtiaHqZl0mjJZYCxgIScAOKcIdILvQaXmf4YOtmX2opztVDH5pOsxtviaz47qaPsPbJiasX6w59sRIQZg/0?wx_fmt=jpeg
[16/04/24 07:24:56.136] INFO [weixin:fetch_article_image:253]- fetch_image for article 5614: http://mmbiz.qpic.cn/mmbiz/6oLCjeVnXtiaHqZl0mjJZYCxgIScAOKcIkyL4PzibnkMZeLz7IcBhY558mWQaAE8SKIPHxC5UicHhq3lsRLXS3FMA/0?wx_fmt=jpeg
[16/04/24 07:24:56.237] INFO [weixin:fetch_article_image:253]- fetch_image for article 5614: http://mmbiz.qpic.cn/mmbiz/6oLCjeVnXtiaHqZl0mjJZYCxgIScAOKcIvlQicFxlGp149BrmOG1jtC3WnOl1sMIMKZSibwGV1PERb10ub8oWjNFw/0?wx_fmt=jpeg
[16/04/24 07:24:56.358] INFO [weixin:fetch_article_image:253]- fetch_image for article 5614: http://mmbiz.qpic.cn/mmbiz/6oLCjeVnXtiaHqZl0mjJZYCxgIScAOKcIox753RjWcAHRHW2SibXhibm1LE6sicO1Gcd5aOQbdVJfiblEKHdGqNibU5A/0?wx_fmt=jpeg
[16/04/24 07:24:56.471] INFO [weixin:fetch_article_image:253]- fetch_image for article 5614: http://mmbiz.qpic.cn/mmbiz/6oLCjeVnXtiaHqZl0mjJZYCxgIScAOKcIxzia7bIEB2ol7bY9hsZUO7qMicbBuONqXXFNMZ5KqnIyRAE4VOR5WMWw/0?wx_fmt=jpeg
[16/04/24 07:24:56.613] INFO [weixin:fetch_article_image:253]- fetch_image for article 5614: http://mmbiz.qpic.cn/mmbiz/6oLCjeVnXtiaHqZl0mjJZYCxgIScAOKcI6iaPa3jib4qFkCSjTL88BDoAbYrfNicfrCUT1dtAVjSr8DftnI2QibZoyg/0?wx_fmt=jpeg
[16/04/24 07:24:56.710] INFO [weixin:fetch_article_image:253]- fetch_image for article 5614: http://mmbiz.qpic.cn/mmbiz/6oLCjeVnXtiaHqZl0mjJZYCxgIScAOKcIFb649AzgVlZOicHticR7aY7jbl2yjPCiaRBuX6QalibtFFLiaUZofu4oLaw/0?wx_fmt=jpeg
[16/04/24 07:24:56.807] INFO [weixin:fetch_article_image:253]- fetch_image for article 5614: http://mmbiz.qpic.cn/mmbiz/6oLCjeVnXtiaHqZl0mjJZYCxgIScAOKcIzPLoJibKuJLLUYSjBH3wC3msIhV5eFeWW2qn6V9ZIX8gP1HybMGia1nw/0?wx_fmt=jpeg
[16/04/24 07:24:56.961] INFO [weixin:fetch_article_image:253]- fetch_image for article 5614: http://mmbiz.qpic.cn/mmbiz/6oLCjeVnXtjGLRWwVypG8rkAWrEZicR1wL34fVniaG2WKdP5eMajSrHjc7lJOh91votphgiczURyF9gBUTElN6Nnw/0?wx_fmt=jpeg
[16/04/24 07:24:57.116] INFO [weixin:fetch_article_image:264]- article 5614 finished.
[16/04/24 07:24:59.488] INFO [weixin:fetch_article_image:253]- fetch_image for article 5615: http://mmbiz.qpic.cn/mmbiz/6oLCjeVnXtiaaAzS3q68378QHpHNeDXrMicOfF5mVhRkFE6z0icmkhZ0yfew0JGw27PpuY4S2n3CMibHsBTvGBByAg/0?wx_fmt=jpeg
[16/04/24 07:24:59.701] INFO [weixin:fetch_article_image:253]- fetch_image for article 5615: http://mmbiz.qpic.cn/mmbiz/6oLCjeVnXtjiceBNwQ3ib6P2vegNZHtkutrcf0JUicX2UYLFPr4zEDHMicrDBxsrmufrlBtgqeTHohfp9DibqtAOrCQ/0?wx_fmt=jpeg
[16/04/24 07:24:59.850] INFO [weixin:fetch_article_image:253]- fetch_image for article 5615: http://mmbiz.qpic.cn/mmbiz/6oLCjeVnXtj4b05cXuz6qAvMNaS22ZmoBpRic49dOPN5RuV7hz8A8slxgtbuSVb48dubvbibjNTJQaDbgsYBDtWA/0?wx_fmt=jpeg
[16/04/24 07:24:59.983] INFO [weixin:fetch_article_image:253]- fetch_image for article 5615: http://mmbiz.qpic.cn/mmbiz/6oLCjeVnXtiaOYibCpJIJmAvM4qTibqGPpke5lMMUOjucHicK3xmMvDW02T65x7f718ibEVW2kbo4JDN7aibjlNRmjIQ/0?wx_fmt=jpeg
[16/04/24 07:25:00.170] INFO [weixin:fetch_article_image:253]- fetch_image for article 5615: http://mmbiz.qpic.cn/mmbiz/6oLCjeVnXtiaaAzS3q68378QHpHNeDXrMbYMVmpLaS3xD0AUKNFFvybswXALdYZqN2tgY8u9AVgtt9OqdsHrv9g/0?wx_fmt=jpeg
[16/04/24 07:25:00.243] INFO [weixin:fetch_article_image:253]- fetch_image for article 5615: http://mmbiz.qpic.cn/mmbiz/6oLCjeVnXtjqxEPCkicY2sgRDIrQQX5Ze2CMiahz1iasmTOwJHI0cuxpZpYL7mCPT5qst8mjoMY9oENTka8suGHuw/0?wx_fmt=jpeg
[16/04/24 07:25:00.599] INFO [weixin:fetch_article_image:264]- article 5615 finished.
[16/04/24 07:25:03.145] INFO [weixin:fetch_article_image:253]- fetch_image for article 5616: http://mmbiz.qpic.cn/mmbiz/6oLCjeVnXtjGLRWwVypG8rkAWrEZicR1w4dkYpOliczNreUFJ3I7vibTEZwyqFrmp2lJ9nXibXXnO2jfCMticDoaOQg/0?wx_fmt=jpeg
[16/04/24 07:25:03.316] INFO [weixin:fetch_article_image:253]- fetch_image for article 5616: http://mmbiz.qpic.cn/mmbiz/6oLCjeVnXtiaaAzS3q68378QHpHNeDXrMAIAl5M5NcsYtwHaiaUYxCNtfzbrJ5MP4YODECNIbAONCgrrOv7qSTpg/0?wx_fmt=gif
[16/04/24 07:25:03.452] INFO [weixin:fetch_article_image:253]- fetch_image for article 5616: http://mmbiz.qpic.cn/mmbiz/6oLCjeVnXtiaaAzS3q68378QHpHNeDXrMr6uLicA2HBZPybfv7ALxI0dgmJEwKrxz3wS9cTaMz6WzickeZvczvcyA/0?wx_fmt=gif
[16/04/24 07:25:03.585] INFO [weixin:fetch_article_image:253]- fetch_image for article 5616: http://mmbiz.qpic.cn/mmbiz/6oLCjeVnXtiaaAzS3q68378QHpHNeDXrMHVGzyXnyQp6e8szMFkibVzyibc0efyY6sib6HCbn4qLHHxjmz8ibKLxXuA/0?wx_fmt=gif
[16/04/24 07:25:03.724] INFO [weixin:fetch_article_image:253]- fetch_image for article 5616: http://mmbiz.qpic.cn/mmbiz/6oLCjeVnXtiaaAzS3q68378QHpHNeDXrM4AD5I9AlASElwM4pxWhQyJtNgvJpXVYesJDvr7OvyxQx6QR1xlQs5w/0?wx_fmt=gif
[16/04/24 07:25:03.879] INFO [weixin:fetch_article_image:253]- fetch_image for article 5616: http://mmbiz.qpic.cn/mmbiz/6oLCjeVnXtjGLRWwVypG8rkAWrEZicR1wL34fVniaG2WKdP5eMajSrHjc7lJOh91votphgiczURyF9gBUTElN6Nnw/0?wx_fmt=jpeg
[16/04/24 07:25:04.50] INFO [weixin:fetch_article_image:264]- article 5616 finished.
[16/04/24 07:25:06.478] INFO [weixin:fetch_article_image:253]- fetch_image for article 5617: http://mmbiz.qpic.cn/mmbiz/6oLCjeVnXtgmlnqF5AfYh44KDQ6rGevVgZ6eGjRFC4BmqmwJSand3bt9CFBxKTqxyTRVA2w4vRD7HoLTGJZjsg/0?wx_fmt=jpeg
[16/04/24 07:25:06.589] INFO [weixin:fetch_article_image:253]- fetch_image for article 5617: http://mmbiz.qpic.cn/mmbiz/6oLCjeVnXtjGLRWwVypG8rkAWrEZicR1wkicf3MIrjyicfGN3Q2OibZoyCq8j8a8FdlibQRaOtV4yt0PPU5HDkY3HNQ/0?wx_fmt=png
[16/04/24 07:25:06.688] INFO [weixin:fetch_article_image:253]- fetch_image for article 5617: http://mmbiz.qpic.cn/mmbiz/6oLCjeVnXtgmlnqF5AfYh44KDQ6rGevVPxbw1W9qqmXaGBw5zKmJqEZHKOQvMOWtgG4uKu8YxRkyu051HHhbGQ/0?wx_fmt=jpeg
[16/04/24 07:25:06.843] INFO [weixin:fetch_article_image:253]- fetch_image for article 5617: http://mmbiz.qpic.cn/mmbiz/6oLCjeVnXtjGLRWwVypG8rkAWrEZicR1wkicf3MIrjyicfGN3Q2OibZoyCq8j8a8FdlibQRaOtV4yt0PPU5HDkY3HNQ/0?wx_fmt=png
[16/04/24 07:25:06.955] INFO [weixin:fetch_article_image:253]- fetch_image for article 5617: http://mmbiz.qpic.cn/mmbiz/6oLCjeVnXtgmlnqF5AfYh44KDQ6rGevVqHbacIJPoHicJzrFib1EuBGta8tRSkKSF0jgYV2O34ly0JvcdHvEh8uA/0?wx_fmt=jpeg
[16/04/24 07:25:07.86] INFO [weixin:fetch_article_image:253]- fetch_image for article 5617: http://mmbiz.qpic.cn/mmbiz/6oLCjeVnXtjGLRWwVypG8rkAWrEZicR1wkicf3MIrjyicfGN3Q2OibZoyCq8j8a8FdlibQRaOtV4yt0PPU5HDkY3HNQ/0?wx_fmt=png
[16/04/24 07:25:07.180] INFO [weixin:fetch_article_image:253]- fetch_image for article 5617: http://mmbiz.qpic.cn/mmbiz/6oLCjeVnXtgmlnqF5AfYh44KDQ6rGevVbAO5HVXepZuVnm2GbOngqOvwjcOwCIr7dvbq81Q6DJia4MKFB34RiaicQ/0?wx_fmt=jpeg
[16/04/24 07:25:07.299] INFO [weixin:fetch_article_image:253]- fetch_image for article 5617: http://mmbiz.qpic.cn/mmbiz/6oLCjeVnXtgmlnqF5AfYh44KDQ6rGevVGCyIJqS42ydrO0e0NLsuVZPMAbzVrMyVvoTwXicHFDY9Dc1AGRiamicRA/0?wx_fmt=jpeg
[16/04/24 07:25:07.426] INFO [weixin:fetch_article_image:253]- fetch_image for article 5617: http://mmbiz.qpic.cn/mmbiz/6oLCjeVnXtjGLRWwVypG8rkAWrEZicR1wkicf3MIrjyicfGN3Q2OibZoyCq8j8a8FdlibQRaOtV4yt0PPU5HDkY3HNQ/0?wx_fmt=png
[16/04/24 07:25:07.525] INFO [weixin:fetch_article_image:253]- fetch_image for article 5617: http://mmbiz.qpic.cn/mmbiz/6oLCjeVnXtgmlnqF5AfYh44KDQ6rGevVIa24A1sRHUEXNbXPOjZWdhgwIlsqQeXa16KzLQiaUTywjgm7KbS9ncw/0?wx_fmt=jpeg
[16/04/24 07:25:07.644] INFO [weixin:fetch_article_image:253]- fetch_image for article 5617: http://mmbiz.qpic.cn/mmbiz/6oLCjeVnXtjGLRWwVypG8rkAWrEZicR1wkicf3MIrjyicfGN3Q2OibZoyCq8j8a8FdlibQRaOtV4yt0PPU5HDkY3HNQ/0?wx_fmt=png
[16/04/24 07:25:07.766] INFO [weixin:fetch_article_image:253]- fetch_image for article 5617: http://mmbiz.qpic.cn/mmbiz/6oLCjeVnXtgmlnqF5AfYh44KDQ6rGevVW5LWeK68hRlGDsBmjwSt7ERRVMuQRhSj4WA74Dd11Via9vSvL3Gf2tA/0?wx_fmt=jpeg
[16/04/24 07:25:07.909] INFO [weixin:fetch_article_image:253]- fetch_image for article 5617: http://mmbiz.qpic.cn/mmbiz/6oLCjeVnXtgmlnqF5AfYh44KDQ6rGevVZC2nFxjefNH3IiaBD8lBB2F6oYGaiaNbdficaicDGHOM7m7N2I5Jtdb48Q/0?wx_fmt=jpeg
[16/04/24 07:25:08.51] INFO [weixin:fetch_article_image:253]- fetch_image for article 5617: http://mmbiz.qpic.cn/mmbiz/6oLCjeVnXtjGLRWwVypG8rkAWrEZicR1wkicf3MIrjyicfGN3Q2OibZoyCq8j8a8FdlibQRaOtV4yt0PPU5HDkY3HNQ/0?wx_fmt=png
[16/04/24 07:25:08.173] INFO [weixin:fetch_article_image:253]- fetch_image for article 5617: http://mmbiz.qpic.cn/mmbiz/6oLCjeVnXtgmlnqF5AfYh44KDQ6rGevVxm0UAwOcSJROGsibsD0bkhwKy8SB62F0MSdAeg0H2aSC54dRGfoH8Qw/0?wx_fmt=jpeg
[16/04/24 07:25:08.327] INFO [weixin:fetch_article_image:253]- fetch_image for article 5617: http://mmbiz.qpic.cn/mmbiz/6oLCjeVnXtgmlnqF5AfYh44KDQ6rGevV2IRx0dibgWNXdXSSQcIl1IqxZSfSgJfvnZXYZ0zumiciaHTeSspn2fiajA/0?wx_fmt=jpeg
[16/04/24 07:25:08.474] INFO [weixin:fetch_article_image:253]- fetch_image for article 5617: http://mmbiz.qpic.cn/mmbiz/6oLCjeVnXtjGLRWwVypG8rkAWrEZicR1wkicf3MIrjyicfGN3Q2OibZoyCq8j8a8FdlibQRaOtV4yt0PPU5HDkY3HNQ/0?wx_fmt=png
[16/04/24 07:25:08.579] INFO [weixin:fetch_article_image:253]- fetch_image for article 5617: http://mmbiz.qpic.cn/mmbiz/6oLCjeVnXtgmlnqF5AfYh44KDQ6rGevVbppkH8KlQ4ChZrECdqRWwV5Mt8MP8n7VPOFYGN40EZaTXu9JxQHG8Q/0?wx_fmt=jpeg
[16/04/24 07:25:08.698] INFO [weixin:fetch_article_image:253]- fetch_image for article 5617: http://mmbiz.qpic.cn/mmbiz/6oLCjeVnXtgmlnqF5AfYh44KDQ6rGevV4RzkVIusmB1FWjo0knWmYI7134WNaP6O340mqNS01Etwib5lWGsTJEA/0?wx_fmt=jpeg
[16/04/24 07:25:08.839] INFO [weixin:fetch_article_image:253]- fetch_image for article 5617: http://mmbiz.qpic.cn/mmbiz/6oLCjeVnXtjGLRWwVypG8rkAWrEZicR1wkicf3MIrjyicfGN3Q2OibZoyCq8j8a8FdlibQRaOtV4yt0PPU5HDkY3HNQ/0?wx_fmt=png
[16/04/24 07:25:08.950] INFO [weixin:fetch_article_image:253]- fetch_image for article 5617: http://mmbiz.qpic.cn/mmbiz/6oLCjeVnXtgmlnqF5AfYh44KDQ6rGevV8BC7LjHqu9zIDhe1iaBbV8bKdx1c4c1RaeW5Cv142yHBBWE38KHVFicA/0?wx_fmt=jpeg
[16/04/24 07:25:09.75] INFO [weixin:fetch_article_image:253]- fetch_image for article 5617: http://mmbiz.qpic.cn/mmbiz/6oLCjeVnXtjGLRWwVypG8rkAWrEZicR1wLRfzdSickosVAdoyJJqX45z63FuKr0tVFmTKqBwYsibibRTQMS7NRLuwg/0?wx_fmt=png
[16/04/24 07:25:09.185] INFO [weixin:fetch_article_image:253]- fetch_image for article 5617: http://mmbiz.qpic.cn/mmbiz/6oLCjeVnXtjGLRWwVypG8rkAWrEZicR1w2DtFCI1Pa1dXEHlVEWIyvxibYzJNaoiaiaJgJapWo9hWroveGJBHjZtYQ/0?wx_fmt=png
[16/04/24 07:25:09.278] INFO [weixin:fetch_article_image:253]- fetch_image for article 5617: http://mmbiz.qpic.cn/mmbiz/6oLCjeVnXtjGLRWwVypG8rkAWrEZicR1wcjZxBDlaNpkLIvI1pxjD0QuxBmG7Gnqibb0C9qzq1uWKrlaoF3g2hug/0?wx_fmt=jpeg
[16/04/24 07:25:09.403] INFO [weixin:fetch_article_image:253]- fetch_image for article 5617: http://mmbiz.qpic.cn/mmbiz/6oLCjeVnXtjGLRWwVypG8rkAWrEZicR1wAv6l7hDCia5CY6pOdks9avhWicUjD1gQ72VVibdwXo2Pscd6HdYe0fn6Q/0?wx_fmt=jpeg
[16/04/24 07:25:09.544] INFO [weixin:fetch_article_image:253]- fetch_image for article 5617: http://mmbiz.qpic.cn/mmbiz/6oLCjeVnXtjGLRWwVypG8rkAWrEZicR1wOc7B7tqnrgn6gCSeLwC15LYuKOWUicpxu5f0OLWINRGOhWRiaZpDh14A/0?wx_fmt=jpeg
[16/04/24 07:25:09.671] INFO [weixin:fetch_article_image:253]- fetch_image for article 5617: http://mmbiz.qpic.cn/mmbiz/6oLCjeVnXtjGLRWwVypG8rkAWrEZicR1w80zNnnoLuIxzibaISSgRMd4Wqs1ABRaf8yDXFSMQGICpSSibL4A7eZow/0?wx_fmt=jpeg
[16/04/24 07:25:09.806] INFO [weixin:fetch_article_image:253]- fetch_image for article 5617: http://mmbiz.qpic.cn/mmbiz/6oLCjeVnXtjGLRWwVypG8rkAWrEZicR1w79eS8G0UuBiamLic8oZYRIMdXcwvdXJmzXddpc32qZSQk6v1pXpqpgyA/0?wx_fmt=jpeg
[16/04/24 07:25:09.935] INFO [weixin:fetch_article_image:253]- fetch_image for article 5617: http://mmbiz.qpic.cn/mmbiz/6oLCjeVnXtiaaAzS3q68378QHpHNeDXrM4AD5I9AlASElwM4pxWhQyJtNgvJpXVYesJDvr7OvyxQx6QR1xlQs5w/0?wx_fmt=gif
[16/04/24 07:25:10.62] INFO [weixin:fetch_article_image:253]- fetch_image for article 5617: http://mmbiz.qpic.cn/mmbiz/6oLCjeVnXtjGLRWwVypG8rkAWrEZicR1wL34fVniaG2WKdP5eMajSrHjc7lJOh91votphgiczURyF9gBUTElN6Nnw/0?wx_fmt=jpeg
[16/04/24 07:25:10.230] INFO [weixin:fetch_article_image:264]- article 5617 finished.
[16/04/24 07:25:12.610] INFO [weixin:fetch_article_image:253]- fetch_image for article 5618: http://mmbiz.qpic.cn/mmbiz/6oLCjeVnXtjGLRWwVypG8rkAWrEZicR1wTqsr4Qz0vdOghuuCG4cr6McJnTpjjnzcEfsLTLovGPGLROEiccDKETQ/0?wx_fmt=jpeg
[16/04/24 07:25:12.732] INFO [weixin:fetch_article_image:253]- fetch_image for article 5618: http://mmbiz.qpic.cn/mmbiz/6oLCjeVnXtjGLRWwVypG8rkAWrEZicR1whBibrHCibYY2qHPV9ZBLLltnO875F1Oy0pzqjHEsaNRL8IdAmbFAcMnA/0?wx_fmt=png
[16/04/24 07:25:12.821] INFO [weixin:fetch_article_image:253]- fetch_image for article 5618: http://mmbiz.qpic.cn/mmbiz/6oLCjeVnXtjGLRWwVypG8rkAWrEZicR1wtgN7DC26SUoC2S6N5zFA0jxRuFW7Gibp3UicohAdCVNRK58qdQrpU7ww/0?wx_fmt=png
[16/04/24 07:25:12.894] INFO [weixin:fetch_article_image:253]- fetch_image for article 5618: http://mmbiz.qpic.cn/mmbiz/6oLCjeVnXtiaaAzS3q68378QHpHNeDXrMDRJ166WC0TSZGvz6V8dpQ2hQ1tHlZaZ7fqZdpNPYJ81NFMpaFE66gw/0?wx_fmt=gif
[16/04/24 07:25:12.999] INFO [weixin:fetch_article_image:253]- fetch_image for article 5618: http://mmbiz.qpic.cn/mmbiz/6oLCjeVnXtjGLRWwVypG8rkAWrEZicR1wL34fVniaG2WKdP5eMajSrHjc7lJOh91votphgiczURyF9gBUTElN6Nnw/0?wx_fmt=jpeg
[16/04/24 07:25:13.149] INFO [weixin:fetch_article_image:264]- article 5618 finished.
[16/04/24 07:25:15.764] INFO [weixin:fetch_article_image:253]- fetch_image for article 5619: http://mmbiz.qpic.cn/mmbiz/6oLCjeVnXtjBx7tsOw4LMgtSb8cNwvUS8MaQSvPUWKBQIQFP1H1JliaicpTMicbS0R2JTCbicAQWwFAj2gqt1lmwIQ/0
[16/04/24 07:25:15.942] INFO [weixin:fetch_article_image:253]- fetch_image for article 5619: http://mmbiz.qpic.cn/mmbiz/6oLCjeVnXtjBx7tsOw4LMgtSb8cNwvUSTNS8uQEibPUibuGM8MHpgpicwQvZ2Ol2FicHx81FOgdjWqY0uRheBJz1MQ/0
[16/04/24 07:25:16.114] INFO [weixin:fetch_article_image:253]- fetch_image for article 5619: http://mmbiz.qpic.cn/mmbiz/6oLCjeVnXtjBx7tsOw4LMgtSb8cNwvUSBBwns1plaAVYkHTZZbQEr4ibnc64tYwN2icXSUPgQSNGp9T1bicaibt5iag/0
[16/04/24 07:25:16.295] INFO [weixin:fetch_article_image:253]- fetch_image for article 5619: http://mmbiz.qpic.cn/mmbiz/6oLCjeVnXth7SHKBAspbaRQ3qszZeKaicxebkj0lQibmnhLBNucxgjrYqs2df8D5ib67DWibbGmHK9Aqa8D3Jwmicibw/0?wx_fmt=jpeg
[16/04/24 07:25:16.427] INFO [weixin:fetch_article_image:253]- fetch_image for article 5619: http://mmbiz.qpic.cn/mmbiz/6oLCjeVnXtiaN3OkibQaqzID7eOIXaoPCtk6TVjl7CVU2RtA1rXFMibkBPvlO93ibT1ibHCfRopht3qdr9Y9ma76RPQ/0?wx_fmt=jpeg
[16/04/24 07:25:16.671] INFO [weixin:fetch_article_image:253]- fetch_image for article 5619: http://mmbiz.qpic.cn/mmbiz/6oLCjeVnXtiaN3OkibQaqzID7eOIXaoPCtFAoNeb3ficxPDJBrFniaUnb6ba07EhI7jEUFIlfJc3TJfjOhESVbh4Sw/0?wx_fmt=jpeg
[16/04/24 07:25:16.849] INFO [weixin:fetch_article_image:253]- fetch_image for article 5619: http://mmbiz.qpic.cn/mmbiz/6oLCjeVnXtiaN3OkibQaqzID7eOIXaoPCtBs0Yfz7cEkzxz4SUKiaCzQBc0lyJtbPk7l3enwUia7jRC7s4MMJ8AsLQ/0?wx_fmt=jpeg
[16/04/24 07:25:17.63] INFO [weixin:fetch_article_image:253]- fetch_image for article 5619: http://mmbiz.qpic.cn/mmbiz/6oLCjeVnXtiarqPfYMVl0K4PQcTb6HiaibOjlMXDQ6JT3uYzicyJCySsPrB9J5gVn4zXDsSN0Tq14NHX7icUERkKJlg/0?wx_fmt=jpeg
[16/04/24 07:25:17.237] INFO [weixin:fetch_article_image:253]- fetch_image for article 5619: http://mmbiz.qpic.cn/mmbiz/6oLCjeVnXtiarqPfYMVl0K4PQcTb6HiaibOicolVnvjic2NnCSn8zjaXkCnnJoia3EMYEnWL7vayeWUFJWWPeKGnzllQ/0?wx_fmt=jpeg
[16/04/24 07:25:17.366] INFO [weixin:fetch_article_image:253]- fetch_image for article 5619: http://mmbiz.qpic.cn/mmbiz/6oLCjeVnXtiarqPfYMVl0K4PQcTb6HiaibOLIHOKFoON31UQnTFBZcDk770dicY9Cl6DCsmiaJQcNpeGkr8J1s2cOSw/0?wx_fmt=jpeg
[16/04/24 07:25:17.500] INFO [weixin:fetch_article_image:253]- fetch_image for article 5619: http://mmbiz.qpic.cn/mmbiz/6oLCjeVnXtgnmLh8QAYib8LuDOO9NNmgyaNqCpWMBY4NlQ3ajRJsuGib0iawoA0d2IOCLupUI2mmibYMTiaWaeiaSs3g/640?wx_fmt=png
[16/04/24 07:25:17.619] INFO [weixin:fetch_article_image:253]- fetch_image for article 5619: http://mmbiz.qpic.cn/mmbiz/6oLCjeVnXtjqxEPCkicY2sgRDIrQQX5Ze2CMiahz1iasmTOwJHI0cuxpZpYL7mCPT5qst8mjoMY9oENTka8suGHuw/0?wx_fmt=jpeg
[16/04/24 07:25:17.997] INFO [weixin:fetch_article_image:264]- article 5619 finished.
[16/04/24 07:25:20.407] INFO [weixin:fetch_article_image:253]- fetch_image for article 5620: http://mmbiz.qpic.cn/mmbiz/6oLCjeVnXtiarPsx1GicOzr5GeZquibHg653Psctbjm2P68GSP1qYiag7Px93Y0PiciaCnBofgVEF7ibia9pjr6icXVdBuw/0?wx_fmt=jpeg
[16/04/24 07:25:20.559] INFO [weixin:fetch_article_image:253]- fetch_image for article 5620: http://mmbiz.qpic.cn/mmbiz/6oLCjeVnXtiarPsx1GicOzr5GeZquibHg65FMzlBh5gKIXbyvxicRqpmJ0Wemf3hBZMzKsY1BjfUWy1v2Xq46M2qfg/0?wx_fmt=jpeg
[16/04/24 07:25:20.665] INFO [weixin:fetch_article_image:253]- fetch_image for article 5620: http://mmbiz.qpic.cn/mmbiz/6oLCjeVnXtiarPsx1GicOzr5GeZquibHg65CmwuhdqzUIiccZGGu08KR9Rx2SxHIqC8cTVayTxdrcMthkDMd0jMXDA/0?wx_fmt=jpeg
[16/04/24 07:25:20.762] INFO [weixin:fetch_article_image:253]- fetch_image for article 5620: http://mmbiz.qpic.cn/mmbiz/6oLCjeVnXtiarPsx1GicOzr5GeZquibHg65AQpAdPmOWc6nDptdd7ywXTOghEczQmRPA16eL9Xu8nEic9Ch5iaCrhIw/0?wx_fmt=jpeg
[16/04/24 07:25:20.859] INFO [weixin:fetch_article_image:253]- fetch_image for article 5620: http://mmbiz.qpic.cn/mmbiz/6oLCjeVnXtiarPsx1GicOzr5GeZquibHg65T1icNc2w2dKWbsA6kfKzmhP7NTiaFLb8gvHHGfHO2PmdjwqrxdbwzruQ/0?wx_fmt=jpeg
[16/04/24 07:25:20.964] INFO [weixin:fetch_article_image:253]- fetch_image for article 5620: http://mmbiz.qpic.cn/mmbiz/6oLCjeVnXtiarPsx1GicOzr5GeZquibHg65SQYr09yWrdXv3z35xjmcGumPAbeozKMlxYh72boZeQqVbMn6UsaPrw/0?wx_fmt=jpeg
[16/04/24 07:25:21.93] INFO [weixin:fetch_article_image:253]- fetch_image for article 5620: http://mmbiz.qpic.cn/mmbiz/6oLCjeVnXtiarPsx1GicOzr5GeZquibHg65wbwIq66tib0qMdFsSbs1SH1zWba7jymcBJf0WGha4n4kYzUuk26XYMg/0?wx_fmt=png
[16/04/24 07:25:21.175] INFO [weixin:fetch_article_image:253]- fetch_image for article 5620: http://mmbiz.qpic.cn/mmbiz/6oLCjeVnXtjqxEPCkicY2sgRDIrQQX5Ze2CMiahz1iasmTOwJHI0cuxpZpYL7mCPT5qst8mjoMY9oENTka8suGHuw/0?wx_fmt=jpeg
[16/04/24 07:25:21.567] INFO [weixin:fetch_article_image:264]- article 5620 finished.
[16/04/24 07:25:24.11] INFO [weixin:fetch_article_image:253]- fetch_image for article 5621: http://mmbiz.qpic.cn/mmbiz/6oLCjeVnXtiaMTyWQuiaJA0Tv62GLjJGlCelwZnWmE1kZ5aJkokpM7D57oDhwZJ5Zibdc9t0OqT5NibD3xmUJHDn5A/0?wx_fmt=jpeg
[16/04/24 07:25:24.202] INFO [weixin:fetch_article_image:253]- fetch_image for article 5621: http://mmbiz.qpic.cn/mmbiz/6oLCjeVnXtiaMTyWQuiaJA0Tv62GLjJGlCfbz5DToWGUvwVzicBr8eKjf0r96jyPrnod2w5Lqy99PXfrAwXkfrujQ/0?wx_fmt=jpeg
[16/04/24 07:25:24.332] INFO [weixin:fetch_article_image:253]- fetch_image for article 5621: http://mmbiz.qpic.cn/mmbiz/6oLCjeVnXtiaMTyWQuiaJA0Tv62GLjJGlCQ1U37ribdqoNnpYaroZwVrHoMOFPgP6KYiarnFdkxltPDqKOlTnkf2zg/0?wx_fmt=jpeg
[16/04/24 07:25:24.509] INFO [weixin:fetch_article_image:253]- fetch_image for article 5621: http://mmbiz.qpic.cn/mmbiz/6oLCjeVnXtiaMTyWQuiaJA0Tv62GLjJGlCeVvux6OSeicF7G9Vv21MYTAiafqvmsHV279IIMdgJy40ePj4icLD6x6gg/0?wx_fmt=jpeg
[16/04/24 07:25:24.643] INFO [weixin:fetch_article_image:253]- fetch_image for article 5621: http://mmbiz.qpic.cn/mmbiz/6oLCjeVnXtiaMTyWQuiaJA0Tv62GLjJGlC82SuCZbdKicevtH6Jriat0pgkowrHS2xpvFvPgJxWcAEYiaxqPIAuicpKg/0?wx_fmt=jpeg
[16/04/24 07:25:24.777] INFO [weixin:fetch_article_image:253]- fetch_image for article 5621: http://mmbiz.qpic.cn/mmbiz/6oLCjeVnXtiaMTyWQuiaJA0Tv62GLjJGlCQgOjGUX7698IQt2I9CICnTKj4zlDWE3ic5J5Riadh6uHXiciccYX4JIPYw/0?wx_fmt=jpeg
[16/04/24 07:25:24.934] INFO [weixin:fetch_article_image:253]- fetch_image for article 5621: http://mmbiz.qpic.cn/mmbiz/6oLCjeVnXthPHFiahknGK0XXDwEzLTkIj80nNOjjNSuuUkMCMSiaxtA42oXrA2tv1UKcUia25wIVBCpZLp1npxXKg/0?wx_fmt=jpeg
[16/04/24 07:25:25.80] INFO [weixin:fetch_article_image:253]- fetch_image for article 5621: http://mmbiz.qpic.cn/mmbiz/6oLCjeVnXthPHFiahknGK0XXDwEzLTkIjpZJ9icxsyje1WLMDqpDHy1SVUlOBsdebXfIfYXgichN9bepknhuCibS5g/0?wx_fmt=jpeg
[16/04/24 07:25:25.221] INFO [weixin:fetch_article_image:253]- fetch_image for article 5621: http://mmbiz.qpic.cn/mmbiz/6oLCjeVnXtjqxEPCkicY2sgRDIrQQX5Ze2CMiahz1iasmTOwJHI0cuxpZpYL7mCPT5qst8mjoMY9oENTka8suGHuw/0?wx_fmt=jpeg
[16/04/24 07:25:25.698] INFO [weixin:fetch_article_image:264]- article 5621 finished.
[16/04/24 07:25:28.69] INFO [weixin:fetch_article_image:253]- fetch_image for article 5622: http://mmbiz.qpic.cn/mmbiz/6oLCjeVnXtjiceBNwQ3ib6P2vegNZHtkutLxGNqsgib1rQJDRNIQYWCt5ibBiaIHabPLEp4FTIj47oDxf6oS2rKmoeA/0?wx_fmt=jpeg
[16/04/24 07:25:28.270] INFO [weixin:fetch_article_image:253]- fetch_image for article 5622: http://mmbiz.qpic.cn/mmbiz/6oLCjeVnXtjiceBNwQ3ib6P2vegNZHtkutqCS0IHL3kicy3JyRf1N7vW8PNcGZa5sbyibPT263w9EFb0S04eelFPvQ/0?wx_fmt=jpeg
[16/04/24 07:25:28.441] INFO [weixin:fetch_article_image:253]- fetch_image for article 5622: http://mmbiz.qpic.cn/mmbiz/6oLCjeVnXtjiceBNwQ3ib6P2vegNZHtkut3vib3833ZU5kwYfbzgON4zmLlu7mGUlCkUhVzIVndaND5Kia3kicucRjA/0?wx_fmt=jpeg
[16/04/24 07:25:28.595] INFO [weixin:fetch_article_image:253]- fetch_image for article 5622: http://mmbiz.qpic.cn/mmbiz/6oLCjeVnXtjiceBNwQ3ib6P2vegNZHtkutb0A3nHiaT46AviaSvDHscpZgmuY03e6MBBtoUhLPXBRicCWTRQByAI5Dg/0?wx_fmt=jpeg
[16/04/24 07:25:28.780] INFO [weixin:fetch_article_image:253]- fetch_image for article 5622: http://mmbiz.qpic.cn/mmbiz/6oLCjeVnXtjiceBNwQ3ib6P2vegNZHtkutLdqrAwlulU59DLoB4QbOGvbXczstgMfH70WeYDZITsKzQWYh1Z8Xicg/0?wx_fmt=jpeg
[16/04/24 07:25:28.952] INFO [weixin:fetch_article_image:253]- fetch_image for article 5622: http://mmbiz.qpic.cn/mmbiz/6oLCjeVnXtjiceBNwQ3ib6P2vegNZHtkutpw2VXuiaEWGTJ4qLYkYjsfj92kQSW9xnVT6serJeicqOuNxacTMGe3Iw/0?wx_fmt=jpeg
[16/04/24 07:25:29.123] INFO [weixin:fetch_article_image:253]- fetch_image for article 5622: http://mmbiz.qpic.cn/mmbiz/6oLCjeVnXtjiceBNwQ3ib6P2vegNZHtkutrcf0JUicX2UYLFPr4zEDHMicrDBxsrmufrlBtgqeTHohfp9DibqtAOrCQ/0?wx_fmt=jpeg
[16/04/24 07:25:29.274] INFO [weixin:fetch_article_image:253]- fetch_image for article 5622: http://mmbiz.qpic.cn/mmbiz/6oLCjeVnXtjiceBNwQ3ib6P2vegNZHtkuteAnvBjCmZ6kkghqSVMK3PPlibWtx0UEJ7pY4DDdjLCbLZuia9tZPClYw/0?wx_fmt=jpeg
[16/04/24 07:25:29.452] INFO [weixin:fetch_article_image:253]- fetch_image for article 5622: http://mmbiz.qpic.cn/mmbiz/6oLCjeVnXtjiceBNwQ3ib6P2vegNZHtkuthjoXOa4UpslFyZicMw2KQ6dLYXibHN95JdMYI7IkSvgKPPuf8VHTic5Xw/0?wx_fmt=jpeg
[16/04/24 07:25:29.710] INFO [weixin:fetch_article_image:253]- fetch_image for article 5622: http://mmbiz.qpic.cn/mmbiz/6oLCjeVnXtjiceBNwQ3ib6P2vegNZHtkutqFYC7wvUHLEDLqkLUnLia3QibXyth0v1LGcKG6H2WL0w6EgIHXVekrIw/0?wx_fmt=jpeg
[16/04/24 07:25:29.874] INFO [weixin:fetch_article_image:253]- fetch_image for article 5622: http://mmbiz.qpic.cn/mmbiz/6oLCjeVnXtjiceBNwQ3ib6P2vegNZHtkutKGnTjC604DgAjyK8Rm3d0uNvBYzbKgz4hU1nHuJIP564D8WOTGf69g/0?wx_fmt=jpeg
[16/04/24 07:25:30.31] INFO [weixin:fetch_article_image:253]- fetch_image for article 5622: http://mmbiz.qpic.cn/mmbiz/6oLCjeVnXtjiceBNwQ3ib6P2vegNZHtkutE0LEWgo4LOIzPJh1IF9hArZggGhUCro8lXA1XiaicSDXG1Tibr1LJFAzQ/0?wx_fmt=jpeg
[16/04/24 07:25:30.177] INFO [weixin:fetch_article_image:253]- fetch_image for article 5622: http://mmbiz.qpic.cn/mmbiz/6oLCjeVnXtjiceBNwQ3ib6P2vegNZHtkuth7DRkWiara6T6lP8nTWicPcK06ZEVB6THSC9RoBQod9eYKUw8YYGTEgw/0?wx_fmt=jpeg
[16/04/24 07:25:30.312] INFO [weixin:fetch_article_image:253]- fetch_image for article 5622: http://mmbiz.qpic.cn/mmbiz/6oLCjeVnXtjiceBNwQ3ib6P2vegNZHtkut3U0g91wic0TaCBaW8PjpaNyrIYH9zLEMx2WZ6wwje4IAWbQDg4Ekbrw/0?wx_fmt=jpeg
[16/04/24 07:25:30.516] INFO [weixin:fetch_article_image:253]- fetch_image for article 5622: http://mmbiz.qpic.cn/mmbiz/6oLCjeVnXtjiceBNwQ3ib6P2vegNZHtkutDBH4eajrDeOu7HNFfGAr7wZqyAwM3GictsugcgBqsTj4Nx16LUKgia9A/0?wx_fmt=jpeg
[16/04/24 07:25:30.709] INFO [weixin:fetch_article_image:253]- fetch_image for article 5622: http://mmbiz.qpic.cn/mmbiz/6oLCjeVnXtjiceBNwQ3ib6P2vegNZHtkutoZpUoX5jFzkq49TjCvoYXvEZ3HkX1jvtr3rvUk9RRkvh5z4XmvsjuQ/0?wx_fmt=jpeg
[16/04/24 07:25:30.880] INFO [weixin:fetch_article_image:253]- fetch_image for article 5622: http://mmbiz.qpic.cn/mmbiz/6oLCjeVnXtjiceBNwQ3ib6P2vegNZHtkut9RmLDpCz1tLBoxgWNcFqBCoxoaA6IK38p7BmichXAyEbZaV57WHpXAQ/0?wx_fmt=jpeg
[16/04/24 07:25:31.17] INFO [weixin:fetch_article_image:253]- fetch_image for article 5622: http://mmbiz.qpic.cn/mmbiz/6oLCjeVnXtjiceBNwQ3ib6P2vegNZHtkutupEibXYsWdujKusQUNmYVOD1H2ySFpe8mORKpXNN7EaIbTqZbXzv4kw/0?wx_fmt=jpeg
[16/04/24 07:25:31.167] INFO [weixin:fetch_article_image:253]- fetch_image for article 5622: http://mmbiz.qpic.cn/mmbiz/6oLCjeVnXtjiceBNwQ3ib6P2vegNZHtkut03GYwibkwRibupnFv3cIIax6Js2c1K7ZmfShXpZuOgQJu8J5t2jJVnbA/0?wx_fmt=jpeg
[16/04/24 07:25:31.432] INFO [weixin:fetch_article_image:264]- article 5622 finished.
[16/04/24 07:25:33.894] INFO [weixin:fetch_article_image:253]- fetch_image for article 5623: http://mmbiz.qpic.cn/mmbiz/6oLCjeVnXtjRLbcxeEmncB63j4bT3A8W7ftY6uV1xSqbWCJHVKdIRBa7XRib19c00fBV0N0LY4ia5Whr0I4kgHFw/0?wx_fmt=jpeg
[16/04/24 07:25:34.24] INFO [weixin:fetch_article_image:253]- fetch_image for article 5623: http://mmbiz.qpic.cn/mmbiz/6oLCjeVnXtjRLbcxeEmncB63j4bT3A8WXA9jXFeI51LrfTvnVKSlQvzqDib3ert7nfclC7jIzKXwZvfeM0bI0tQ/0?wx_fmt=jpeg
[16/04/24 07:25:34.149] INFO [weixin:fetch_article_image:253]- fetch_image for article 5623: http://mmbiz.qpic.cn/mmbiz/6oLCjeVnXtjRLbcxeEmncB63j4bT3A8WiaiaXicQPbdXKYtVqH3MTkg4ByW3ia4ughsoERCjtM2ueOia7xoGpB6Ofng/0?wx_fmt=jpeg
[16/04/24 07:25:34.271] INFO [weixin:fetch_article_image:253]- fetch_image for article 5623: http://mmbiz.qpic.cn/mmbiz/6oLCjeVnXtjRLbcxeEmncB63j4bT3A8WjBz2Xwic25vKg9YgkEYaPW9ypfjWibicUMPkYXjl9tdUHac5vGhppr0fA/0?wx_fmt=jpeg
[16/04/24 07:25:34.380] INFO [weixin:fetch_article_image:253]- fetch_image for article 5623: http://mmbiz.qpic.cn/mmbiz/6oLCjeVnXtjRLbcxeEmncB63j4bT3A8WKjX1zV7P4aTUNHkCBaMEZtQzlCfU9ESibqOgTxricsPw0tKUhDEOcycw/0?wx_fmt=jpeg
[16/04/24 07:25:34.483] INFO [weixin:fetch_article_image:253]- fetch_image for article 5623: http://mmbiz.qpic.cn/mmbiz/6oLCjeVnXtjRLbcxeEmncB63j4bT3A8WWz0EHjIJ5y6ZibYUluyhqNICcjr7fd1ndsiarDujWKshDFhy1icdGwibxA/0?wx_fmt=jpeg
[16/04/24 07:25:34.624] INFO [weixin:fetch_article_image:253]- fetch_image for article 5623: http://mmbiz.qpic.cn/mmbiz/6oLCjeVnXtjRLbcxeEmncB63j4bT3A8WN35mibEHiauh8iaCubUCJqDjBu5GZdYvDdHyJNLDiaIh8hnjjVuoibDeiaOA/0?wx_fmt=jpeg
[16/04/24 07:25:34.733] INFO [weixin:fetch_article_image:253]- fetch_image for article 5623: http://mmbiz.qpic.cn/mmbiz/6oLCjeVnXtjRLbcxeEmncB63j4bT3A8WkEhhl4GGxWmzEfpQPjtmG5aADBWE5zWnXsT1APPibkyZcyYDjgY8Rlw/0?wx_fmt=jpeg
[16/04/24 07:25:34.838] INFO [weixin:fetch_article_image:253]- fetch_image for article 5623: http://mmbiz.qpic.cn/mmbiz/6oLCjeVnXtjRLbcxeEmncB63j4bT3A8WPSdIKFmEMa7RPiaPYD5ZwJHZ03ibFBykGyo6aM9MI306fbVN0yhicj0Ww/0?wx_fmt=jpeg
[16/04/24 07:25:34.942] INFO [weixin:fetch_article_image:253]- fetch_image for article 5623: http://mmbiz.qpic.cn/mmbiz/6oLCjeVnXtjRLbcxeEmncB63j4bT3A8Wwy10rBmUOBGrZ2R52WicSrJda3uBa1QtGqMmIysmrZyib1vpXdmIibniaw/0?wx_fmt=jpeg
[16/04/24 07:25:35.67] INFO [weixin:fetch_article_image:253]- fetch_image for article 5623: http://mmbiz.qpic.cn/mmbiz/6oLCjeVnXtjRLbcxeEmncB63j4bT3A8Wd4GJcyZ2otuyBs1S6Y9L04Uhlyib14aPq7icCicSCTCchEqR9oe7R5ElQ/0?wx_fmt=jpeg
[16/04/24 07:25:35.184] INFO [weixin:fetch_article_image:253]- fetch_image for article 5623: http://mmbiz.qpic.cn/mmbiz/6oLCjeVnXtg9J4gljXGduqkICPuB28d38p25DgH46HO2z6XtDyF1ibMs4VPMJHM4PAApnAwgibv7mUpWjkFwLOtg/0?wx_fmt=png
[16/04/24 07:25:35.242] INFO [weixin:fetch_article_image:253]- fetch_image for article 5623: http://mmbiz.qpic.cn/mmbiz/6oLCjeVnXtjqxEPCkicY2sgRDIrQQX5Ze2CMiahz1iasmTOwJHI0cuxpZpYL7mCPT5qst8mjoMY9oENTka8suGHuw/0?wx_fmt=jpeg
[16/04/24 07:25:35.579] INFO [weixin:fetch_article_image:264]- article 5623 finished.
[16/04/24 07:25:37.886] INFO [weixin:fetch_article_image:253]- fetch_image for article 5624: http://mmbiz.qpic.cn/mmbiz/6oLCjeVnXtjRLbcxeEmncB63j4bT3A8WP6Rl2MXALJrRRCNaU3SJ6UqicdOvXbL3gIwoovBic3Q7rpUWymsZ9R2Q/0?wx_fmt=jpeg
[16/04/24 07:25:37.985] INFO [weixin:fetch_article_image:253]- fetch_image for article 5624: http://mmbiz.qpic.cn/mmbiz/6oLCjeVnXtjRLbcxeEmncB63j4bT3A8Wiap1n3QKhmQBSUeuicCiaQ6C4PmQbxWR2LRPT6Pibich6nCbiaOw1sN8vtQg/0?wx_fmt=jpeg
[16/04/24 07:25:38.85] INFO [weixin:fetch_article_image:253]- fetch_image for article 5624: http://mmbiz.qpic.cn/mmbiz/6oLCjeVnXtjRLbcxeEmncB63j4bT3A8WVdLDiaNP0cP495QibLaws1TXic1cm99kHcjPmRHaJ2E1FYba6BZrVID0Q/0?wx_fmt=jpeg
[16/04/24 07:25:38.169] INFO [weixin:fetch_article_image:253]- fetch_image for article 5624: http://mmbiz.qpic.cn/mmbiz/6oLCjeVnXtjRLbcxeEmncB63j4bT3A8Wq5bUXdfDg0icshAt9u6VOdfVWsBBXYkwxYuuEC2Mg3pw3R5cZ9KrR3A/0?wx_fmt=jpeg
[16/04/24 07:25:38.294] INFO [weixin:fetch_article_image:253]- fetch_image for article 5624: http://mmbiz.qpic.cn/mmbiz/6oLCjeVnXtjRLbcxeEmncB63j4bT3A8Wryz2XZUdgjNWWnTLzJKqviatFSAsfwngvRzicuaZEIiaKINyfxCJFogIA/0?wx_fmt=jpeg
[16/04/24 07:25:38.408] INFO [weixin:fetch_article_image:253]- fetch_image for article 5624: http://mmbiz.qpic.cn/mmbiz/6oLCjeVnXtjRLbcxeEmncB63j4bT3A8WVmuZVviahc8pVIKico5n0OLzYibSicpD4DxBv12hn8viaHNT1IHm2AKw5kw/0?wx_fmt=jpeg
[16/04/24 07:25:38.485] INFO [weixin:fetch_article_image:253]- fetch_image for article 5624: http://mmbiz.qpic.cn/mmbiz/6oLCjeVnXtjRLbcxeEmncB63j4bT3A8WQGxcibx3lMH3qDcOvibphCVSmS5asO2VCSeFWuRxV0FAMSml2Pll2cRg/0?wx_fmt=jpeg
[16/04/24 07:25:38.603] INFO [weixin:fetch_article_image:253]- fetch_image for article 5624: http://mmbiz.qpic.cn/mmbiz/6oLCjeVnXtjRLbcxeEmncB63j4bT3A8Wa32nHH70ictic3vd3P00KHnfYaHjXlg0kqHBbgQbOIK0tDicU6cXAaaXA/0?wx_fmt=jpeg
[16/04/24 07:25:38.688] INFO [weixin:fetch_article_image:253]- fetch_image for article 5624: http://mmbiz.qpic.cn/mmbiz/6oLCjeVnXtjRLbcxeEmncB63j4bT3A8WiaUYgUQ7t3gnk7yFDgr3DW9unHHbee4fdaNp4LyMHZhhrRdx6vht9pg/0?wx_fmt=jpeg
[16/04/24 07:25:38.761] INFO [weixin:fetch_article_image:253]- fetch_image for article 5624: http://mmbiz.qpic.cn/mmbiz/6oLCjeVnXtjRLbcxeEmncB63j4bT3A8WQZYuo1hic3fbO7QloXnygV1PxTHPZbRN2PMxpstRfOnfuA09ZXd8KlA/0?wx_fmt=jpeg
[16/04/24 07:25:38.837] INFO [weixin:fetch_article_image:253]- fetch_image for article 5624: http://mmbiz.qpic.cn/mmbiz/6oLCjeVnXtjRLbcxeEmncB63j4bT3A8WyQTibzwY3vK95uce5TDkVTUUdYbd4h5s4RjlVhdCib9Wc72g7lsAuZicA/0?wx_fmt=jpeg
[16/04/24 07:25:38.917] INFO [weixin:fetch_article_image:253]- fetch_image for article 5624: http://mmbiz.qpic.cn/mmbiz/6oLCjeVnXtjRLbcxeEmncB63j4bT3A8WcHSmOibocxK41HnWLpUkxY83ZvMUuyW1iciblRdcNxL1iav5q35BjHgSag/0?wx_fmt=jpeg
[16/04/24 07:25:38.999] INFO [weixin:fetch_article_image:253]- fetch_image for article 5624: http://mmbiz.qpic.cn/mmbiz/6oLCjeVnXtjRLbcxeEmncB63j4bT3A8W1N2bmLC6uibM8JpqbOWA91fmfZjYXC8BBNxCC9J4amX5bt7SxPvlJyw/0?wx_fmt=jpeg
[16/04/24 07:25:39.93] INFO [weixin:fetch_article_image:253]- fetch_image for article 5624: http://mmbiz.qpic.cn/mmbiz/6oLCjeVnXtjRLbcxeEmncB63j4bT3A8WYx7Q8bqIkDGLlS7FIX3aGvYlpRMb6FM9sicxRK6NzhXVwHB5c09icoxQ/0?wx_fmt=png
[16/04/24 07:25:39.151] INFO [weixin:fetch_article_image:264]- article 5624 finished.
[16/04/24 07:25:41.611] INFO [weixin:fetch_article_image:253]- fetch_image for article 5625: http://mmbiz.qpic.cn/mmbiz/6oLCjeVnXtj4b05cXuz6qAvMNaS22ZmoIzjO3pMv742MCfRSPUYmYC4u4tDRia4q1dNT7TNt7fvcJuv7kAI9U0Q/0?wx_fmt=jpeg
[16/04/24 07:25:41.768] INFO [weixin:fetch_article_image:253]- fetch_image for article 5625: http://mmbiz.qpic.cn/mmbiz/6oLCjeVnXtj4b05cXuz6qAvMNaS22ZmoOLrnxhibxeQObNUT4LetCDozCmEbLDZVn0TVlPHlOencK2fvrpZSic1A/0?wx_fmt=jpeg
[16/04/24 07:25:41.939] INFO [weixin:fetch_article_image:253]- fetch_image for article 5625: http://mmbiz.qpic.cn/mmbiz/6oLCjeVnXtj4b05cXuz6qAvMNaS22ZmoN1XIxPX7u8Vr0htbRf2waHic2vrfpq8ANOFmfrZC4xkYt980cTGJjuA/0?wx_fmt=jpeg
[16/04/24 07:25:42.114] INFO [weixin:fetch_article_image:253]- fetch_image for article 5625: http://mmbiz.qpic.cn/mmbiz/6oLCjeVnXtj4b05cXuz6qAvMNaS22ZmoGLohMlX0hXJW8sErExS2Zib4WhFgLEhicCKicKkfiaItutb5v67cfNia7mA/0?wx_fmt=jpeg
[16/04/24 07:25:42.243] INFO [weixin:fetch_article_image:253]- fetch_image for article 5625: http://mmbiz.qpic.cn/mmbiz/6oLCjeVnXtj4b05cXuz6qAvMNaS22Zmovn4oTOb2Tcnpss1o9pWUzrSFGRDDTEQ0icvQzb8UfYiczPuXgWlUqElA/0?wx_fmt=jpeg
[16/04/24 07:25:42.406] INFO [weixin:fetch_article_image:253]- fetch_image for article 5625: http://mmbiz.qpic.cn/mmbiz/6oLCjeVnXtj4b05cXuz6qAvMNaS22ZmomXicpq5BOmXDVOsFwoOjmRSHuUwsGZcIafcSs3SUBMlpONSSib5dM0fQ/0?wx_fmt=jpeg
[16/04/24 07:25:42.532] INFO [weixin:fetch_article_image:253]- fetch_image for article 5625: http://mmbiz.qpic.cn/mmbiz/6oLCjeVnXtj4b05cXuz6qAvMNaS22ZmoZ1GXRcjfeKKucD7gwRYa64VmvL6XFfPS0kZU8GsAAvwLzCIX93RR0Q/0?wx_fmt=jpeg
[16/04/24 07:25:42.668] INFO [weixin:fetch_article_image:253]- fetch_image for article 5625: http://mmbiz.qpic.cn/mmbiz/6oLCjeVnXtj4b05cXuz6qAvMNaS22ZmoLFW1avWWRK5SSWOeBAs3hicE2Jb0ibcT7AujNTz6AZjhibibjJpAIrPL3A/0?wx_fmt=jpeg
[16/04/24 07:25:42.798] INFO [weixin:fetch_article_image:253]- fetch_image for article 5625: http://mmbiz.qpic.cn/mmbiz/6oLCjeVnXtj4b05cXuz6qAvMNaS22ZmoLz1XWsGHwzCCWqL44r2bsa390ruaSSfZN8MRjgviayiaxCGuqJHELSyw/0?wx_fmt=jpeg
[16/04/24 07:25:42.971] INFO [weixin:fetch_article_image:253]- fetch_image for article 5625: http://mmbiz.qpic.cn/mmbiz/6oLCjeVnXtj4b05cXuz6qAvMNaS22Zmo77yqy9mjqSYBq8icbibFj4FOxdS3xIiaQexo0tljX5n1gWfTk2OKlbUibw/0?wx_fmt=jpeg
[16/04/24 07:25:43.111] INFO [weixin:fetch_article_image:253]- fetch_image for article 5625: http://mmbiz.qpic.cn/mmbiz/6oLCjeVnXtj4b05cXuz6qAvMNaS22Zmo127fmtHicDpSFMVpAibpicNFk7CshqwEWQ23WT8RgABzGJy1gBZUB78mQ/0?wx_fmt=jpeg
[16/04/24 07:25:43.414] INFO [weixin:fetch_article_image:253]- fetch_image for article 5625: http://mmbiz.qpic.cn/mmbiz/6oLCjeVnXtj4b05cXuz6qAvMNaS22ZmoJamHLzacDDOlbo1chT0hWebErDEsyVqLiaxFMuBDZyIpIXUo2gGyvbQ/0?wx_fmt=jpeg
[16/04/24 07:25:43.584] INFO [weixin:fetch_article_image:253]- fetch_image for article 5625: http://mmbiz.qpic.cn/mmbiz/6oLCjeVnXtj4b05cXuz6qAvMNaS22ZmoCp3x96FiaVcmZeT8GjMzIAHVbof7FHqicTsKn1iaBK7k5dsBvA4KesIwg/0?wx_fmt=jpeg
[16/04/24 07:25:43.793] INFO [weixin:fetch_article_image:253]- fetch_image for article 5625: http://mmbiz.qpic.cn/mmbiz/6oLCjeVnXtj4b05cXuz6qAvMNaS22Zmod3yrQOV4oewxToGZkl1laYBg23sK8I9uyicvL6a6xiambLDJ4QJ7P16Q/0?wx_fmt=jpeg
[16/04/24 07:25:43.913] INFO [weixin:fetch_article_image:253]- fetch_image for article 5625: http://mmbiz.qpic.cn/mmbiz/6oLCjeVnXtj4b05cXuz6qAvMNaS22ZmoftoXA7STKvC12fLX37FswjmjTHsALeKM8Yq8TYx5U3pfPlzHcFIibMQ/0?wx_fmt=jpeg
[16/04/24 07:25:44.70] INFO [weixin:fetch_article_image:253]- fetch_image for article 5625: http://mmbiz.qpic.cn/mmbiz/6oLCjeVnXtj4b05cXuz6qAvMNaS22ZmoaEWtzPia3A1ybIpwJ3Srh2n4jFnWdWB97HCz992v1y5IJvyVibLwvyIA/0?wx_fmt=jpeg
[16/04/24 07:25:44.195] INFO [weixin:fetch_article_image:253]- fetch_image for article 5625: http://mmbiz.qpic.cn/mmbiz/6oLCjeVnXtj4b05cXuz6qAvMNaS22Zmo3CqhBTRLibNYVUqic8bd0vpa7wB1Zp4fl7DV5wQt0icTp4yMAibPrQnfBg/0?wx_fmt=jpeg
[16/04/24 07:25:44.319] INFO [weixin:fetch_article_image:253]- fetch_image for article 5625: http://mmbiz.qpic.cn/mmbiz/6oLCjeVnXtj4b05cXuz6qAvMNaS22ZmoIptyNianEfP8hd4o0Mh5Jic99ZHJ7PV0OVX3md11VDRwG5BWDZVcXVMw/0?wx_fmt=jpeg
[16/04/24 07:25:44.489] INFO [weixin:fetch_article_image:253]- fetch_image for article 5625: http://mmbiz.qpic.cn/mmbiz/6oLCjeVnXtj4b05cXuz6qAvMNaS22ZmoxeRHyiaHyEH1QCdKgicUm2iczaUW3VhGp3cpkM3ubA2TAnB25pNxSY00Q/0?wx_fmt=jpeg
[16/04/24 07:25:44.718] INFO [weixin:fetch_article_image:253]- fetch_image for article 5625: http://mmbiz.qpic.cn/mmbiz/6oLCjeVnXtj4b05cXuz6qAvMNaS22Zmo3p4oiacF4oQ2ofic7qARGictL4P4d21sX1BKiaqjib7y7NNzgCPdJuhtibmw/0?wx_fmt=jpeg
[16/04/24 07:25:44.958] INFO [weixin:fetch_article_image:253]- fetch_image for article 5625: http://mmbiz.qpic.cn/mmbiz/6oLCjeVnXtj4b05cXuz6qAvMNaS22ZmoBpRic49dOPN5RuV7hz8A8slxgtbuSVb48dubvbibjNTJQaDbgsYBDtWA/0?wx_fmt=jpeg
[16/04/24 07:25:45.114] INFO [weixin:fetch_article_image:253]- fetch_image for article 5625: http://mmbiz.qpic.cn/mmbiz/6oLCjeVnXtj4b05cXuz6qAvMNaS22ZmoeNj6FT9thqeo8VQcYntgbwzvqes9dJpThKZEEhTxII3WZp7NDnEdcg/0?wx_fmt=jpeg
[16/04/24 07:25:45.240] INFO [weixin:fetch_article_image:253]- fetch_image for article 5625: http://mmbiz.qpic.cn/mmbiz/6oLCjeVnXtj4b05cXuz6qAvMNaS22ZmoJPMciarTv7X8wjtkcrjibWoOjcEXhF7fbMoFP5U6jdgKgEkez2PEsZ8A/0?wx_fmt=jpeg
[16/04/24 07:25:45.389] INFO [weixin:fetch_article_image:253]- fetch_image for article 5625: http://mmbiz.qpic.cn/mmbiz/6oLCjeVnXtjqxEPCkicY2sgRDIrQQX5Ze2CMiahz1iasmTOwJHI0cuxpZpYL7mCPT5qst8mjoMY9oENTka8suGHuw/0?wx_fmt=jpeg
[16/04/24 07:25:45.781] INFO [weixin:fetch_article_image:264]- article 5625 finished.
